#
# A fatal error has been detected by the Java Runtime Environment:
#
#  SIGSEGV (0xb) at pc=0x00007fff5dec7f6d, pid=1125, tid=0x0000000000011107
#
# JRE version: Java(TM) SE Runtime Environment (8.0_191-b12) (build 1.8.0_191-b12)
# Java VM: Java HotSpot(TM) 64-Bit Server VM (25.191-b12 mixed mode bsd-amd64 compressed oops)
# Problematic frame:
# C  [libsystem_platform.dylib+0x4f6d]  _platform_memmove$VARIANT$Haswell+0x4d
#
# Failed to write core dump. Core dumps have been disabled. To enable core dumping, try "ulimit -c unlimited" before starting Java again
#
# If you would like to submit a bug report, please visit:
#   http://bugreport.java.com/bugreport/crash.jsp
# The crash happened outside the Java Virtual Machine in native code.
# See problematic frame for where to report the bug.
#

---------------  T H R E A D  ---------------

Current thread (0x00007feabd2fb000):  JavaThread "main-FPSAWTAnimator#00-Timer0" [_thread_in_native, id=69895, stack(0x00007000038e6000,0x00007000039e6000)]

siginfo: si_signo: 11 (SIGSEGV), si_code: 1 (SEGV_MAPERR), si_addr: 0x0000000000000030

Registers:
RAX=0x00007feabed08b70, RBX=0x0000000000001406, RCX=0x0000000000000001, RDX=0x0000000000000040
RSP=0x00007000039e4bc0, RBP=0x00007000039e4bc0, RSI=0x0000000000000000, RDI=0x00007feabed08b70
R8 =0x0000000000000000, R9 =0x0000000000000000, R10=0x0000000000000001, R11=0x00007feabed08b70
R12=0x0000000000000001, R13=0x00007feac2061c28, R14=0x00007feac3800000, R15=0x0000000000000001
RIP=0x00007fff5dec7f6d, EFLAGS=0x0000000000010206, ERR=0x0000000000000004
  TRAPNO=0x000000000000000e

Top of Stack: (sp=0x00007000039e4bc0)
0x00007000039e4bc0:   00007000039e4cc0 00007fff40310cc2
0x00007000039e4bd0:   9d23b20000000000 0000000000004001
0x00007000039e4be0:   c90fdaa22168c000 0000000000003ffe
0x00007000039e4bf0:   fafcbcfef2336000 000000000000bffe
0x00007000039e4c00:   3f951893b31a1fe0 0000000000000000
0x00007000039e4c10:   0000000000000001 0000000000000000
0x00007000039e4c20:   00008b5cd62be847 0000000000000001
0x00007000039e4c30:   3e806bda6c66ead6 00007fff3f6f8b5c
0x00007000039e4c40:   3e806bda00008b5c 0000000000000001
0x00007000039e4c50:   000000016c66ead6 0000000000001406
0x00007000039e4c60:   00007feac2061c28 0000000101000000
0x00007000039e4c70:   0000000044070000 0000000400000000
0x00007000039e4c80:   0000000000000004 0000000000000004
0x00007000039e4c90:   000000043a400040 00007feac3800000
0x00007000039e4ca0:   0000000000000001 0000000000000000
0x00007000039e4cb0:   0000000000000000 00007feabed00510
0x00007000039e4cc0:   00007000039e4d10 00007fff40303a7b
0x00007000039e4cd0:   0000000000000000 0000000000000000
0x00007000039e4ce0:   0000000000000000 0000000000000000
0x00007000039e4cf0:   0000000000000000 0000000132b4db98
0x00007000039e4d00:   0000000000000000 00007feabd2fb000
0x00007000039e4d10:   00007000039e4d90 000000010b97895d
0x00007000039e4d20:   00007000039e4d60 0000000000000000
0x00007000039e4d30:   000000010261ace0 0000000000000000
0x00007000039e4d40:   00007fff3f6fbabb 00007fff3f6fbabb
0x00007000039e4d50:   00000000019e4e48 0000000000000000
0x00007000039e4d60:   00007feabd2fb000 0000000100000001
0x00007000039e4d70:   00007000039e4db8 00007feabd2fb1f8
0x00007000039e4d80:   0000000000000001 00007000039e4df8
0x00007000039e4d90:   00007000039e4df0 000000010da0251f
0x00007000039e4da0:   0000000000000000 0000000000000001
0x00007000039e4db0:   00007fff3f6fbabb 00000007182e2bf0 

Instructions: (pc=0x00007fff5dec7f6d)
0x00007fff5dec7f4d:   48 39 fe 74 f9 48 01 d6 48 01 d7 48 83 fa 60 0f
0x00007fff5dec7f5d:   82 8c 01 00 00 e9 a9 01 00 00 48 83 fa 10 76 56
0x00007fff5dec7f6d:   c5 f8 10 4c 16 f0 48 83 ea 20 76 2a c5 fc 10 06
0x00007fff5dec7f7d:   c5 fc 11 07 48 83 c6 20 48 83 c7 20 48 83 ea 20 

Register to memory mapping:

RAX=0x00007feabed08b70 is an unknown value
RBX=0x0000000000001406 is an unknown value
RCX=0x0000000000000001 is an unknown value
RDX=0x0000000000000040 is an unknown value
RSP=0x00007000039e4bc0 is pointing into the stack for thread: 0x00007feabd2fb000
RBP=0x00007000039e4bc0 is pointing into the stack for thread: 0x00007feabd2fb000
RSI=0x0000000000000000 is an unknown value
RDI=0x00007feabed08b70 is an unknown value
R8 =0x0000000000000000 is an unknown value
R9 =0x0000000000000000 is an unknown value
R10=0x0000000000000001 is an unknown value
R11=0x00007feabed08b70 is an unknown value
R12=0x0000000000000001 is an unknown value
R13=0x00007feac2061c28 is an unknown value
R14=0x00007feac3800000 is an unknown value
R15=0x0000000000000001 is an unknown value


Stack: [0x00007000038e6000,0x00007000039e6000],  sp=0x00007000039e4bc0,  free space=1018k
Native frames: (J=compiled Java code, j=interpreted, Vv=VM code, C=native code)
C  [libsystem_platform.dylib+0x4f6d]  _platform_memmove$VARIANT$Haswell+0x4d
C  [GLEngine+0x9ecc2]  setProgramUniformInner+0x18e2
C  [GLEngine+0x91a7b]  setUniform+0xbb
C  [libjogl_desktop.jnilib+0x3495d]  Java_jogamp_opengl_gl4_GL4bcImpl_dispatch_1glUniformMatrix4fv1__IIZLjava_lang_Object_2IZJ+0xdd
J 1503  jogamp.opengl.gl4.GL4bcImpl.dispatch_glUniformMatrix4fv1(IIZLjava/lang/Object;IZJ)V (0 bytes) @ 0x000000010da0251f [0x000000010da02440+0xdf]
J 1502 C1 jogamp.opengl.gl4.GL4bcImpl.glUniformMatrix4fv(IIZLjava/nio/FloatBuffer;)V (91 bytes) @ 0x000000010da01494 [0x000000010da008e0+0xbb4]
j  ch.innovazion.arionide.ui.core.gl.structures.Structure.update(Lcom/jogamp/opengl/GL4;Lch/innovazion/arionide/ui/core/gl/structures/StructureContext;Lch/innovazion/arionide/ui/core/gl/structures/StructureSettings;)V+17
j  ch.innovazion.arionide.ui.core.gl.structures.Structure.update(Lcom/jogamp/opengl/GL4;Lch/innovazion/arionide/ui/core/gl/Context;Lch/innovazion/arionide/ui/core/gl/Settings;)V+10
j  ch.innovazion.arionide.ui.core.gl.RenderableObject.render()V+17
j  ch.innovazion.arionide.ui.core.gl.GLRenderer.renderStructures0(Lcom/jogamp/opengl/GL4;Ljava/util/List;Z)V+372
j  ch.innovazion.arionide.ui.core.gl.GLRenderer.renderStructures(Lcom/jogamp/opengl/GL4;)V+70
j  ch.innovazion.arionide.ui.core.gl.GLRenderer.renderUniverse(Lcom/jogamp/opengl/GL4;)V+72
j  ch.innovazion.arionide.ui.core.gl.GLRenderer.render3D(Lch/innovazion/arionide/ui/AppDrawingContext;)V+37
j  ch.innovazion.arionide.ui.OpenGLContext.display(Lcom/jogamp/opengl/GLAutoDrawable;)V+53
j  jogamp.opengl.GLDrawableHelper.displayImpl(Lcom/jogamp/opengl/GLAutoDrawable;)V+62
j  jogamp.opengl.GLDrawableHelper.display(Lcom/jogamp/opengl/GLAutoDrawable;)V+2
j  jogamp.opengl.GLAutoDrawableBase$2.run()V+59
j  jogamp.opengl.GLDrawableHelper.invokeGLImpl(Lcom/jogamp/opengl/GLDrawable;Lcom/jogamp/opengl/GLContext;Ljava/lang/Runnable;Ljava/lang/Runnable;)V+203
j  jogamp.opengl.GLDrawableHelper.invokeGL(Lcom/jogamp/opengl/GLDrawable;Lcom/jogamp/opengl/GLContext;Ljava/lang/Runnable;Ljava/lang/Runnable;)V+72
j  com.jogamp.newt.opengl.GLWindow.display()V+90
j  com.jogamp.opengl.util.AWTAnimatorImpl.display(Ljava/util/ArrayList;ZZ)V+68
j  com.jogamp.opengl.util.AnimatorBase.display()V+16
j  com.jogamp.opengl.util.FPSAnimator$MainTask.run()V+216
j  java.util.TimerThread.mainLoop()V+221
j  java.util.TimerThread.run()V+1
v  ~StubRoutines::call_stub
V  [libjvm.dylib+0x2ef9fe]  JavaCalls::call_helper(JavaValue*, methodHandle*, JavaCallArguments*, Thread*)+0x6ae
V  [libjvm.dylib+0x2f01a2]  JavaCalls::call_virtual(JavaValue*, KlassHandle, Symbol*, Symbol*, JavaCallArguments*, Thread*)+0x164
V  [libjvm.dylib+0x2f034e]  JavaCalls::call_virtual(JavaValue*, Handle, KlassHandle, Symbol*, Symbol*, Thread*)+0x4a
V  [libjvm.dylib+0x34ac3d]  thread_entry(JavaThread*, Thread*)+0x7c
V  [libjvm.dylib+0x56f83f]  JavaThread::thread_main_inner()+0x9b
V  [libjvm.dylib+0x570f3a]  JavaThread::run()+0x1c2
V  [libjvm.dylib+0x48e0be]  java_start(Thread*)+0xf6
C  [libsystem_pthread.dylib+0x3661]  _pthread_body+0x154
C  [libsystem_pthread.dylib+0x350d]  _pthread_body+0x0
C  [libsystem_pthread.dylib+0x2bf9]  thread_start+0xd
C  0x0000000000000000

Java frames: (J=compiled Java code, j=interpreted, Vv=VM code)
J 1503  jogamp.opengl.gl4.GL4bcImpl.dispatch_glUniformMatrix4fv1(IIZLjava/lang/Object;IZJ)V (0 bytes) @ 0x000000010da024a5 [0x000000010da02440+0x65]
J 1502 C1 jogamp.opengl.gl4.GL4bcImpl.glUniformMatrix4fv(IIZLjava/nio/FloatBuffer;)V (91 bytes) @ 0x000000010da01494 [0x000000010da008e0+0xbb4]
j  ch.innovazion.arionide.ui.core.gl.structures.Structure.update(Lcom/jogamp/opengl/GL4;Lch/innovazion/arionide/ui/core/gl/structures/StructureContext;Lch/innovazion/arionide/ui/core/gl/structures/StructureSettings;)V+17
j  ch.innovazion.arionide.ui.core.gl.structures.Structure.update(Lcom/jogamp/opengl/GL4;Lch/innovazion/arionide/ui/core/gl/Context;Lch/innovazion/arionide/ui/core/gl/Settings;)V+10
j  ch.innovazion.arionide.ui.core.gl.RenderableObject.render()V+17
j  ch.innovazion.arionide.ui.core.gl.GLRenderer.renderStructures0(Lcom/jogamp/opengl/GL4;Ljava/util/List;Z)V+372
j  ch.innovazion.arionide.ui.core.gl.GLRenderer.renderStructures(Lcom/jogamp/opengl/GL4;)V+70
j  ch.innovazion.arionide.ui.core.gl.GLRenderer.renderUniverse(Lcom/jogamp/opengl/GL4;)V+72
j  ch.innovazion.arionide.ui.core.gl.GLRenderer.render3D(Lch/innovazion/arionide/ui/AppDrawingContext;)V+37
j  ch.innovazion.arionide.ui.OpenGLContext.display(Lcom/jogamp/opengl/GLAutoDrawable;)V+53
j  jogamp.opengl.GLDrawableHelper.displayImpl(Lcom/jogamp/opengl/GLAutoDrawable;)V+62
j  jogamp.opengl.GLDrawableHelper.display(Lcom/jogamp/opengl/GLAutoDrawable;)V+2
j  jogamp.opengl.GLAutoDrawableBase$2.run()V+59
j  jogamp.opengl.GLDrawableHelper.invokeGLImpl(Lcom/jogamp/opengl/GLDrawable;Lcom/jogamp/opengl/GLContext;Ljava/lang/Runnable;Ljava/lang/Runnable;)V+203
j  jogamp.opengl.GLDrawableHelper.invokeGL(Lcom/jogamp/opengl/GLDrawable;Lcom/jogamp/opengl/GLContext;Ljava/lang/Runnable;Ljava/lang/Runnable;)V+72
j  com.jogamp.newt.opengl.GLWindow.display()V+90
j  com.jogamp.opengl.util.AWTAnimatorImpl.display(Ljava/util/ArrayList;ZZ)V+68
j  com.jogamp.opengl.util.AnimatorBase.display()V+16
j  com.jogamp.opengl.util.FPSAnimator$MainTask.run()V+216
j  java.util.TimerThread.mainLoop()V+221
j  java.util.TimerThread.run()V+1
v  ~StubRoutines::call_stub

---------------  P R O C E S S  ---------------

Java Threads: ( => current thread )
=>0x00007feabd2fb000 JavaThread "main-FPSAWTAnimator#00-Timer0" [_thread_in_native, id=69895, stack(0x00007000038e6000,0x00007000039e6000)]
  0x00007feac00f1000 JavaThread "main-Display-.macosx_nil-1-EDT-1" daemon [_thread_blocked, id=57095, stack(0x00007000037e3000,0x00007000038e3000)]
  0x00007feabf22f000 JavaThread "Timer-0" [_thread_blocked, id=57371, stack(0x00007000036e0000,0x00007000037e0000)]
  0x00007feabf25e800 JavaThread "AWT-EventQueue-0" [_thread_blocked, id=75267, stack(0x00007000035dd000,0x00007000036dd000)]
  0x00007feabf256000 JavaThread "Java2D Disposer" daemon [_thread_blocked, id=75535, stack(0x00007000034da000,0x00007000035da000)]
  0x00007feabd0df000 JavaThread "Java2D Queue Flusher" daemon [_thread_blocked, id=81535, stack(0x00007000033d7000,0x00007000034d7000)]
  0x00007feabe0e8800 JavaThread "AWT-Shutdown" [_thread_blocked, id=27179, stack(0x0000700003045000,0x0000700003145000)]
  0x00007feabe0d4000 JavaThread "AWT-AppKit" daemon [_thread_in_native, id=775, stack(0x00007ffeee7c5000,0x00007ffeeefc5000)]
  0x00007feabd058800 JavaThread "Thread-3" [_thread_blocked, id=41987, stack(0x0000700002f42000,0x0000700003042000)]
  0x00007feabd86e800 JavaThread "Thread-2" [_thread_blocked, id=42243, stack(0x0000700002e3f000,0x0000700002f3f000)]
  0x00007feabd02f800 JavaThread "Thread-1" [_thread_blocked, id=42755, stack(0x0000700002d3c000,0x0000700002e3c000)]
  0x00007feac1000800 JavaThread "Thread-0" [_thread_blocked, id=43267, stack(0x0000700002c39000,0x0000700002d39000)]
  0x00007feabe068000 JavaThread "Service Thread" daemon [_thread_blocked, id=16131, stack(0x0000700002a33000,0x0000700002b33000)]
  0x00007feabd845000 JavaThread "C1 CompilerThread3" daemon [_thread_blocked, id=15363, stack(0x0000700002930000,0x0000700002a30000)]
  0x00007feabf800000 JavaThread "C2 CompilerThread2" daemon [_thread_blocked, id=16899, stack(0x000070000282d000,0x000070000292d000)]
  0x00007feabf014000 JavaThread "C2 CompilerThread1" daemon [_thread_blocked, id=17155, stack(0x000070000272a000,0x000070000282a000)]
  0x00007feabe014800 JavaThread "C2 CompilerThread0" daemon [_thread_blocked, id=14595, stack(0x0000700002627000,0x0000700002727000)]
  0x00007feabf003000 JavaThread "Signal Dispatcher" daemon [_thread_blocked, id=17671, stack(0x0000700002524000,0x0000700002624000)]
  0x00007feabd052000 JavaThread "Finalizer" daemon [_thread_blocked, id=13315, stack(0x0000700002421000,0x0000700002521000)]
  0x00007feabd04b800 JavaThread "Reference Handler" daemon [_thread_blocked, id=12803, stack(0x000070000231e000,0x000070000241e000)]
  0x00007feabd00d800 JavaThread "main" [_thread_blocked, id=6147, stack(0x0000700001900000,0x0000700001a00000)]

Other Threads:
  0x00007feabd045000 VMThread [stack: 0x000070000221b000,0x000070000231b000] [id=19971]
  0x00007feabe06a800 WatcherThread [stack: 0x0000700002b36000,0x0000700002c36000] [id=15619]

VM state:not at safepoint (normal execution)

VM Mutex/Monitor currently owned by a thread: None

Heap:
 PSYoungGen      total 153088K, used 88244K [0x0000000715580000, 0x0000000720000000, 0x00000007c0000000)
  eden space 131584K, 67% used [0x0000000715580000,0x000000071abad320,0x000000071d600000)
  from space 21504K, 0% used [0x000000071eb00000,0x000000071eb00000,0x0000000720000000)
  to   space 21504K, 0% used [0x000000071d600000,0x000000071d600000,0x000000071eb00000)
 ParOldGen       total 349696K, used 0K [0x00000005c0000000, 0x00000005d5580000, 0x0000000715580000)
  object space 349696K, 0% used [0x00000005c0000000,0x00000005c0000000,0x00000005d5580000)
 Metaspace       used 19316K, capacity 19828K, committed 20096K, reserved 1067008K
  class space    used 1962K, capacity 2113K, committed 2176K, reserved 1048576K

Card table byte_map: [0x0000000103174000,0x0000000104175000] byte_map_base: 0x0000000100374000

Marking Bits: (ParMarkBitMap*) 0x00000001026f9e00
 Begin Bits: [0x000000011c506000, 0x0000000124506000)
 End Bits:   [0x0000000124506000, 0x000000012c506000)

Polling page: 0x0000000100cc0000

CodeCache: size=245760Kb used=5155Kb max_used=5155Kb free=240604Kb
 bounds [0x000000010d506000, 0x000000010da16000, 0x000000011c506000]
 total_blobs=2375 nmethods=1541 adapters=747
 compilation: enabled

Compilation events (10 events):
Event: 2.695 Thread 0x00007feabd845000 1537       3       org.joml.Vector3f::y (5 bytes)
Event: 2.695 Thread 0x00007feabd845000 nmethod 1537 0x000000010da0f2d0 code [0x000000010da0f420, 0x000000010da0f570]
Event: 2.695 Thread 0x00007feabd845000 1538       3       org.joml.Vector3f::z (5 bytes)
Event: 2.695 Thread 0x00007feabd845000 nmethod 1538 0x000000010da0f610 code [0x000000010da0f760, 0x000000010da0f8b0]
Event: 2.695 Thread 0x00007feabd845000 1539       3       java.lang.invoke.MethodTypeForm::unpack (30 bytes)
Event: 2.695 Thread 0x00007feabd845000 nmethod 1539 0x000000010da0f950 code [0x000000010da0faa0, 0x000000010da0fc10]
Event: 2.696 Thread 0x00007feabd845000 1540       3       jdk.internal.org.objectweb.asm.MethodWriter::visitLabel (281 bytes)
Event: 2.696 Thread 0x00007feabd845000 nmethod 1540 0x000000010da0fc90 code [0x000000010da0fe60, 0x000000010da10688]
Event: 2.696 Thread 0x00007feabd845000 1541       3       jdk.internal.org.objectweb.asm.MethodWriter::noSuccessor (87 bytes)
Event: 2.696 Thread 0x00007feabd845000 nmethod 1541 0x000000010da108d0 code [0x000000010da10a60, 0x000000010da10f48]

GC Heap History (0 events):
No events

Deoptimization events (10 events):
Event: 1.885 Thread 0x00007feac00f1000 Uncommon trap: reason=unstable_if action=reinterpret pc=0x000000010d8757a0 method=java.util.HashMap.getNode(ILjava/lang/Object;)Ljava/util/HashMap$Node; @ 129
Event: 1.933 Thread 0x00007feabd86e800 Uncommon trap: reason=unstable_if action=reinterpret pc=0x000000010d63e028 method=ch.innovazion.arionide.threading.DrawingThread.tick()V @ 4
Event: 2.324 Thread 0x00007feabd2fb000 Uncommon trap: reason=class_check action=maybe_recompile pc=0x000000010d9c2434 method=java.util.stream.AbstractPipeline.wrapAndCopyInto(Ljava/util/stream/Sink;Ljava/util/Spliterator;)Ljava/util/stream/Sink; @ 6
Event: 2.340 Thread 0x00007feabd2fb000 Uncommon trap: reason=class_check action=maybe_recompile pc=0x000000010d9c2434 method=java.util.stream.AbstractPipeline.wrapAndCopyInto(Ljava/util/stream/Sink;Ljava/util/Spliterator;)Ljava/util/stream/Sink; @ 6
Event: 2.356 Thread 0x00007feabd2fb000 Uncommon trap: reason=class_check action=maybe_recompile pc=0x000000010d9c2434 method=java.util.stream.AbstractPipeline.wrapAndCopyInto(Ljava/util/stream/Sink;Ljava/util/Spliterator;)Ljava/util/stream/Sink; @ 6
Event: 2.372 Thread 0x00007feabd2fb000 Uncommon trap: reason=class_check action=maybe_recompile pc=0x000000010d9c2434 method=java.util.stream.AbstractPipeline.wrapAndCopyInto(Ljava/util/stream/Sink;Ljava/util/Spliterator;)Ljava/util/stream/Sink; @ 6
Event: 2.683 Thread 0x00007feac1000800 Uncommon trap: reason=class_check action=maybe_recompile pc=0x000000010d934ae4 method=ch.innovazion.arionide.ui.overlay.components.Button.handleEvent(Lch/innovazion/arionide/events/Event;)V @ 23
Event: 2.683 Thread 0x00007feac1000800 Uncommon trap: reason=class_check action=maybe_recompile pc=0x000000010d934ae4 method=ch.innovazion.arionide.ui.overlay.components.Button.handleEvent(Lch/innovazion/arionide/events/Event;)V @ 23
Event: 2.683 Thread 0x00007feac1000800 Uncommon trap: reason=class_check action=maybe_recompile pc=0x000000010d934ae4 method=ch.innovazion.arionide.ui.overlay.components.Button.handleEvent(Lch/innovazion/arionide/events/Event;)V @ 23
Event: 2.683 Thread 0x00007feac1000800 Uncommon trap: reason=class_check action=maybe_recompile pc=0x000000010d934ae4 method=ch.innovazion.arionide.ui.overlay.components.Button.handleEvent(Lch/innovazion/arionide/events/Event;)V @ 23

Classes redefined (0 events):
No events

Internal exceptions (10 events):
Event: 0.197 Thread 0x00007feabd00d800 Exception <a 'java/lang/NoSuchFieldError': method resolution failed> (0x0000000715d9aca8) thrown at [/Users/java_re/workspace/8-2-build-macosx-x86_64/jdk8u191/11896/hotspot/src/share/vm/prims/methodHandles.cpp, line 1167]
Event: 0.267 Thread 0x00007feabd00d800 Exception <a 'sun/nio/fs/UnixException'> (0x0000000715f9bcc0) thrown at [/Users/java_re/workspace/8-2-build-macosx-x86_64/jdk8u191/11896/hotspot/src/share/vm/prims/jni.cpp, line 709]
Event: 0.267 Thread 0x00007feabd00d800 Exception <a 'sun/nio/fs/UnixException'> (0x0000000715f9fa80) thrown at [/Users/java_re/workspace/8-2-build-macosx-x86_64/jdk8u191/11896/hotspot/src/share/vm/prims/jni.cpp, line 709]
Event: 0.267 Thread 0x00007feabd00d800 Exception <a 'sun/nio/fs/UnixException'> (0x0000000715fa3708) thrown at [/Users/java_re/workspace/8-2-build-macosx-x86_64/jdk8u191/11896/hotspot/src/share/vm/prims/jni.cpp, line 709]
Event: 0.324 Thread 0x00007feabd00d800 Exception <a 'java/lang/UnsatisfiedLinkError': com.jogamp.common.util.JarUtil.fixNativeLibAttribs(Ljava/lang/String;)Z> (0x00000007162020a8) thrown at [/Users/java_re/workspace/8-2-build-macosx-x86_64/jdk8u191/11896/hotspot/src/share/vm/prims/nativeLookup
Event: 0.462 Thread 0x00007feabd00d800 Exception <a 'java/io/FileNotFoundException'> (0x0000000716602890) thrown at [/Users/java_re/workspace/8-2-build-macosx-x86_64/jdk8u191/11896/hotspot/src/share/vm/prims/jni.cpp, line 709]
Event: 0.462 Thread 0x00007feabd00d800 Exception <a 'java/io/FileNotFoundException'> (0x00000007166033f8) thrown at [/Users/java_re/workspace/8-2-build-macosx-x86_64/jdk8u191/11896/hotspot/src/share/vm/prims/jni.cpp, line 709]
Event: 1.607 Thread 0x00007feabd00d800 Exception <a 'java/lang/NoSuchMethodError': java.lang.Object.lambda$andThen$1(Ljava/util/function/Function;Ljava/lang/Object;)Ljava/lang/Object;> (0x0000000718052f78) thrown at [/Users/java_re/workspace/8-2-build-macosx-x86_64/jdk8u191/11896/hotspot/src/s
Event: 1.697 Thread 0x00007feabd00d800 Exception <a 'java/lang/NoSuchMethodError': java.lang.Object.lambda$chars$0()Ljava/util/Spliterator$OfInt;> (0x00000007181cbdc0) thrown at [/Users/java_re/workspace/8-2-build-macosx-x86_64/jdk8u191/11896/hotspot/src/share/vm/interpreter/linkResolver.cpp, 
Event: 1.957 Thread 0x00007feabd2fb000 Exception <a 'java/lang/NoSuchMethodError': java.lang.Object.lambda$negate$1(Ljava/lang/Object;)Z> (0x000000071972f588) thrown at [/Users/java_re/workspace/8-2-build-macosx-x86_64/jdk8u191/11896/hotspot/src/share/vm/interpreter/linkResolver.cpp, line 620]

Events (10 events):
Event: 2.695 loading class org/joml/Vector3f
Event: 2.695 loading class org/joml/Vector3f done
Event: 2.695 loading class org/joml/Vector3f
Event: 2.695 loading class org/joml/Vector3f done
Event: 2.695 loading class org/joml/Vector3f
Event: 2.695 loading class org/joml/Vector3f done
Event: 2.696 loading class ch/innovazion/arionide/ui/core/geom/Connection
Event: 2.696 loading class ch/innovazion/arionide/ui/core/geom/Connection done
Event: 2.696 loading class java/lang/StrictMath
Event: 2.696 loading class java/lang/StrictMath done


Dynamic libraries:
0x00007fff35528000 	/System/Library/Frameworks/Cocoa.framework/Versions/A/Cocoa
0x00007fff41b42000 	/System/Library/Frameworks/Security.framework/Versions/A/Security
0x00007fff3416a000 	/System/Library/Frameworks/ApplicationServices.framework/Versions/A/ApplicationServices
0x00007fff5d99e000 	/usr/lib/libz.1.dylib
0x00007fff5b8cf000 	/usr/lib/libSystem.B.dylib
0x00007fff5cf88000 	/usr/lib/libobjc.A.dylib
0x00007fff35cdb000 	/System/Library/Frameworks/CoreFoundation.framework/Versions/A/CoreFoundation
0x00007fff37e3c000 	/System/Library/Frameworks/Foundation.framework/Versions/C/Foundation
0x00007fff332ba000 	/System/Library/Frameworks/AppKit.framework/Versions/C/AppKit
0x00007fff358a0000 	/System/Library/Frameworks/CoreData.framework/Versions/A/CoreData
0x00007fff5520f000 	/System/Library/PrivateFrameworks/RemoteViewServices.framework/Versions/A/RemoteViewServices
0x00007fff59974000 	/System/Library/PrivateFrameworks/UIFoundation.framework/Versions/A/UIFoundation
0x00007fff4a00a000 	/System/Library/PrivateFrameworks/DFRFoundation.framework/Versions/A/DFRFoundation
0x00007fff3a4a8000 	/System/Library/Frameworks/Metal.framework/Versions/A/Metal
0x00007fff4a1a7000 	/System/Library/PrivateFrameworks/DesktopServicesPriv.framework/Versions/A/DesktopServicesPriv
0x00007fff5c4d5000 	/usr/lib/libenergytrace.dylib
0x00007fff579df000 	/System/Library/PrivateFrameworks/SkyLight.framework/Versions/A/SkyLight
0x00007fff3617e000 	/System/Library/Frameworks/CoreGraphics.framework/Versions/A/CoreGraphics
0x00007fff5b8ca000 	/usr/lib/libScreenReader.dylib
0x00007fff32254000 	/System/Library/Frameworks/Accelerate.framework/Versions/A/Accelerate
0x00007fff385b6000 	/System/Library/Frameworks/IOSurface.framework/Versions/A/IOSurface
0x00007fff346b4000 	/System/Library/Frameworks/AudioToolbox.framework/Versions/A/AudioToolbox
0x00007fff34944000 	/System/Library/Frameworks/AudioUnit.framework/Versions/A/AudioUnit
0x00007fff4a0a2000 	/System/Library/PrivateFrameworks/DataDetectorsCore.framework/Versions/A/DataDetectorsCore
0x00007fff3501b000 	/System/Library/Frameworks/Carbon.framework/Versions/A/Frameworks/HIToolbox.framework/Versions/A/HIToolbox
0x00007fff5c62f000 	/usr/lib/libicucore.A.dylib
0x00007fff410c0000 	/System/Library/Frameworks/QuartzCore.framework/Versions/A/QuartzCore
0x00007fff56c96000 	/System/Library/PrivateFrameworks/SignpostNotification.framework/Versions/A/SignpostNotification
0x00007fff35401000 	/System/Library/Frameworks/Carbon.framework/Versions/A/Frameworks/SpeechRecognition.framework/Versions/A/SpeechRecognition
0x00007fff5ba2b000 	/usr/lib/libauto.dylib
0x00007fff5d88d000 	/usr/lib/libxml2.2.dylib
0x00007fff49c5b000 	/System/Library/PrivateFrameworks/CoreUI.framework/Versions/A/CoreUI
0x00007fff3577c000 	/System/Library/Frameworks/CoreAudio.framework/Versions/A/CoreAudio
0x00007fff37c76000 	/System/Library/Frameworks/DiskArbitration.framework/Versions/A/DiskArbitration
0x00007fff5c8a3000 	/usr/lib/liblangid.dylib
0x00007fff51715000 	/System/Library/PrivateFrameworks/MultitouchSupport.framework/Versions/A/MultitouchSupport
0x00007fff38519000 	/System/Library/Frameworks/IOKit.framework/Versions/A/IOKit
0x00007fff5b559000 	/usr/lib/libDiagnosticMessagesClient.dylib
0x00007fff36e54000 	/System/Library/Frameworks/CoreServices.framework/Versions/A/CoreServices
0x00007fff53247000 	/System/Library/PrivateFrameworks/PerformanceAnalysis.framework/Versions/A/PerformanceAnalysis
0x00007fff40262000 	/System/Library/Frameworks/OpenGL.framework/Versions/A/OpenGL
0x00007fff35536000 	/System/Library/Frameworks/ColorSync.framework/Versions/A/ColorSync
0x00007fff36790000 	/System/Library/Frameworks/CoreImage.framework/Versions/A/CoreImage
0x00007fff377e4000 	/System/Library/Frameworks/CoreText.framework/Versions/A/CoreText
0x00007fff38614000 	/System/Library/Frameworks/ImageIO.framework/Versions/A/ImageIO
0x00007fff46952000 	/System/Library/PrivateFrameworks/Backup.framework/Versions/A/Backup
0x00007fff5b97b000 	/usr/lib/libarchive.2.dylib
0x00007fff34c67000 	/System/Library/Frameworks/CFNetwork.framework/Versions/A/CFNetwork
0x00007fff422d5000 	/System/Library/Frameworks/SystemConfiguration.framework/Versions/A/SystemConfiguration
0x00007fff5b482000 	/usr/lib/libCRFSuite.dylib
0x00007fff5bb04000 	/usr/lib/libc++.1.dylib
0x00007fff5bb5b000 	/usr/lib/libc++abi.dylib
0x00007fff5da4c000 	/usr/lib/system/libcache.dylib
0x00007fff5da51000 	/usr/lib/system/libcommonCrypto.dylib
0x00007fff5da5c000 	/usr/lib/system/libcompiler_rt.dylib
0x00007fff5da64000 	/usr/lib/system/libcopyfile.dylib
0x00007fff5da6e000 	/usr/lib/system/libcorecrypto.dylib
0x00007fff5db7b000 	/usr/lib/system/libdispatch.dylib
0x00007fff5dbb5000 	/usr/lib/system/libdyld.dylib
0x00007fff5dbd3000 	/usr/lib/system/libkeymgr.dylib
0x00007fff5dbe1000 	/usr/lib/system/liblaunch.dylib
0x00007fff5dbe2000 	/usr/lib/system/libmacho.dylib
0x00007fff5dbe7000 	/usr/lib/system/libquarantine.dylib
0x00007fff5dbea000 	/usr/lib/system/libremovefile.dylib
0x00007fff5dbec000 	/usr/lib/system/libsystem_asl.dylib
0x00007fff5dc04000 	/usr/lib/system/libsystem_blocks.dylib
0x00007fff5dc05000 	/usr/lib/system/libsystem_c.dylib
0x00007fff5dc8f000 	/usr/lib/system/libsystem_configuration.dylib
0x00007fff5dc93000 	/usr/lib/system/libsystem_coreservices.dylib
0x00007fff5dc97000 	/usr/lib/system/libsystem_darwin.dylib
0x00007fff5dc99000 	/usr/lib/system/libsystem_dnssd.dylib
0x00007fff5dca0000 	/usr/lib/system/libsystem_info.dylib
0x00007fff5dd11000 	/usr/lib/system/libsystem_m.dylib
0x00007fff5dd5d000 	/usr/lib/system/libsystem_malloc.dylib
0x00007fff5dd7d000 	/usr/lib/system/libsystem_network.dylib
0x00007fff5deae000 	/usr/lib/system/libsystem_networkextension.dylib
0x00007fff5deb9000 	/usr/lib/system/libsystem_notify.dylib
0x00007fff5ded7000 	/usr/lib/system/libsystem_sandbox.dylib
0x00007fff5dedb000 	/usr/lib/system/libsystem_secinit.dylib
0x00007fff5dcea000 	/usr/lib/system/libsystem_kernel.dylib
0x00007fff5dec3000 	/usr/lib/system/libsystem_platform.dylib
0x00007fff5decb000 	/usr/lib/system/libsystem_pthread.dylib
0x00007fff5dedd000 	/usr/lib/system/libsystem_symptoms.dylib
0x00007fff5dee5000 	/usr/lib/system/libsystem_trace.dylib
0x00007fff5defa000 	/usr/lib/system/libunwind.dylib
0x00007fff5df00000 	/usr/lib/system/libxpc.dylib
0x00007fff5b395000 	/usr/lib/closure/libclosured.dylib
0x00007fff5bae5000 	/usr/lib/libbsm.0.dylib
0x00007fff5dbd4000 	/usr/lib/system/libkxld.dylib
0x00007fff5b793000 	/usr/lib/libOpenScriptingUtil.dylib
0x00007fff5be54000 	/usr/lib/libcoretls.dylib
0x00007fff5be6d000 	/usr/lib/libcoretls_cfhelpers.dylib
0x00007fff5d389000 	/usr/lib/libpam.2.dylib
0x00007fff5d4b0000 	/usr/lib/libsqlite3.dylib
0x00007fff5d87c000 	/usr/lib/libxar.1.dylib
0x00007fff5baf6000 	/usr/lib/libbz2.1.0.dylib
0x00007fff5c8a5000 	/usr/lib/liblzma.5.dylib
0x00007fff5cd86000 	/usr/lib/libnetwork.dylib
0x00007fff5b964000 	/usr/lib/libapple_nghttp2.dylib
0x00007fff5d390000 	/usr/lib/libpcap.A.dylib
0x00007fff5ba2c000 	/usr/lib/libboringssl.dylib
0x00007fff5d817000 	/usr/lib/libusrtcp.dylib
0x00007fff5b963000 	/usr/lib/libapple_crypto.dylib
0x00007fff371d7000 	/System/Library/Frameworks/CoreServices.framework/Versions/A/Frameworks/FSEvents.framework/Versions/A/FSEvents
0x00007fff36eca000 	/System/Library/Frameworks/CoreServices.framework/Versions/A/Frameworks/CarbonCore.framework/Versions/A/CarbonCore
0x00007fff3739e000 	/System/Library/Frameworks/CoreServices.framework/Versions/A/Frameworks/Metadata.framework/Versions/A/Metadata
0x00007fff3744f000 	/System/Library/Frameworks/CoreServices.framework/Versions/A/Frameworks/OSServices.framework/Versions/A/OSServices
0x00007fff374b0000 	/System/Library/Frameworks/CoreServices.framework/Versions/A/Frameworks/SearchKit.framework/Versions/A/SearchKit
0x00007fff36e55000 	/System/Library/Frameworks/CoreServices.framework/Versions/A/Frameworks/AE.framework/Versions/A/AE
0x00007fff371e0000 	/System/Library/Frameworks/CoreServices.framework/Versions/A/Frameworks/LaunchServices.framework/Versions/A/LaunchServices
0x00007fff371a2000 	/System/Library/Frameworks/CoreServices.framework/Versions/A/Frameworks/DictionaryServices.framework/Versions/A/DictionaryServices
0x00007fff3751f000 	/System/Library/Frameworks/CoreServices.framework/Versions/A/Frameworks/SharedFileList.framework/Versions/A/SharedFileList
0x00007fff3b6de000 	/System/Library/Frameworks/NetFS.framework/Versions/A/NetFS
0x00007fff519a6000 	/System/Library/PrivateFrameworks/NetAuth.framework/Versions/A/NetAuth
0x00007fff5b22c000 	/System/Library/PrivateFrameworks/login.framework/Versions/A/Frameworks/loginsupport.framework/Versions/A/loginsupport
0x00007fff595f1000 	/System/Library/PrivateFrameworks/TCC.framework/Versions/A/TCC
0x00007fff5c986000 	/usr/lib/libmecabra.dylib
0x00007fff3416b000 	/System/Library/Frameworks/ApplicationServices.framework/Versions/A/Frameworks/ATS.framework/Versions/A/ATS
0x00007fff34519000 	/System/Library/Frameworks/ApplicationServices.framework/Versions/A/Frameworks/ColorSyncLegacy.framework/Versions/A/ColorSyncLegacy
0x00007fff345bd000 	/System/Library/Frameworks/ApplicationServices.framework/Versions/A/Frameworks/HIServices.framework/Versions/A/HIServices
0x00007fff34610000 	/System/Library/Frameworks/ApplicationServices.framework/Versions/A/Frameworks/LangAnalysis.framework/Versions/A/LangAnalysis
0x00007fff3461f000 	/System/Library/Frameworks/ApplicationServices.framework/Versions/A/Frameworks/PrintCore.framework/Versions/A/PrintCore
0x00007fff3466c000 	/System/Library/Frameworks/ApplicationServices.framework/Versions/A/Frameworks/QD.framework/Versions/A/QD
0x00007fff346a7000 	/System/Library/Frameworks/ApplicationServices.framework/Versions/A/Frameworks/SpeechSynthesis.framework/Versions/A/SpeechSynthesis
0x00007fff35bf7000 	/System/Library/Frameworks/CoreDisplay.framework/Versions/A/CoreDisplay
0x00007fff3226c000 	/System/Library/Frameworks/Accelerate.framework/Versions/A/Frameworks/vImage.framework/Versions/A/vImage
0x00007fff32fc6000 	/System/Library/Frameworks/Accelerate.framework/Versions/A/Frameworks/vecLib.framework/Versions/A/vecLib
0x00007fff32d66000 	/System/Library/Frameworks/Accelerate.framework/Versions/A/Frameworks/vecLib.framework/Versions/A/libvDSP.dylib
0x00007fff328c6000 	/System/Library/Frameworks/Accelerate.framework/Versions/A/Frameworks/vecLib.framework/Versions/A/libBNNS.dylib
0x00007fff32ccb000 	/System/Library/Frameworks/Accelerate.framework/Versions/A/Frameworks/vecLib.framework/Versions/A/libQuadrature.dylib
0x00007fff32f14000 	/System/Library/Frameworks/Accelerate.framework/Versions/A/Frameworks/vecLib.framework/Versions/A/libvMisc.dylib
0x00007fff328f5000 	/System/Library/Frameworks/Accelerate.framework/Versions/A/Frameworks/vecLib.framework/Versions/A/libLAPACK.dylib
0x00007fff3276b000 	/System/Library/Frameworks/Accelerate.framework/Versions/A/Frameworks/vecLib.framework/Versions/A/libBLAS.dylib
0x00007fff32cb5000 	/System/Library/Frameworks/Accelerate.framework/Versions/A/Frameworks/vecLib.framework/Versions/A/libLinearAlgebra.dylib
0x00007fff32cd1000 	/System/Library/Frameworks/Accelerate.framework/Versions/A/Frameworks/vecLib.framework/Versions/A/libSparse.dylib
0x00007fff32d52000 	/System/Library/Frameworks/Accelerate.framework/Versions/A/Frameworks/vecLib.framework/Versions/A/libSparseBLAS.dylib
0x00007fff4e7e6000 	/System/Library/PrivateFrameworks/GPUWrangler.framework/Versions/A/GPUWrangler
0x00007fff4ff77000 	/System/Library/PrivateFrameworks/IOAccelerator.framework/Versions/A/IOAccelerator
0x00007fff4ff82000 	/System/Library/PrivateFrameworks/IOPresentment.framework/Versions/A/IOPresentment
0x00007fff4a01c000 	/System/Library/PrivateFrameworks/DSExternalDisplay.framework/Versions/A/DSExternalDisplay
0x00007fff3f6e1000 	/System/Library/Frameworks/OpenGL.framework/Versions/A/Libraries/libCoreFSCache.dylib
0x00007fff37935000 	/System/Library/Frameworks/CoreVideo.framework/Versions/A/CoreVideo
0x00007fff4f561000 	/System/Library/PrivateFrameworks/GraphVisualizer.framework/Versions/A/GraphVisualizer
0x00007fff3a6df000 	/System/Library/Frameworks/MetalPerformanceShaders.framework/Versions/A/MetalPerformanceShaders
0x00007fff5b591000 	/usr/lib/libFosl_dynamic.dylib
0x00007fff4b0f0000 	/System/Library/PrivateFrameworks/FaceCore.framework/Versions/A/FaceCore
0x00007fff3e4dc000 	/System/Library/Frameworks/OpenCL.framework/Versions/A/OpenCL
0x00007fff5bb92000 	/usr/lib/libcompression.dylib
0x00007fff3426a000 	/System/Library/Frameworks/ApplicationServices.framework/Versions/A/Frameworks/ATS.framework/Versions/A/Resources/libFontParser.dylib
0x00007fff3438d000 	/System/Library/Frameworks/ApplicationServices.framework/Versions/A/Frameworks/ATS.framework/Versions/A/Resources/libFontRegistry.dylib
0x00007fff3887c000 	/System/Library/Frameworks/ImageIO.framework/Versions/A/Resources/libJPEG.dylib
0x00007fff38ba5000 	/System/Library/Frameworks/ImageIO.framework/Versions/A/Resources/libTIFF.dylib
0x00007fff38b7b000 	/System/Library/Frameworks/ImageIO.framework/Versions/A/Resources/libPng.dylib
0x00007fff3878f000 	/System/Library/Frameworks/ImageIO.framework/Versions/A/Resources/libGIF.dylib
0x00007fff38794000 	/System/Library/Frameworks/ImageIO.framework/Versions/A/Resources/libJP2.dylib
0x00007fff38ba2000 	/System/Library/Frameworks/ImageIO.framework/Versions/A/Resources/libRadiance.dylib
0x00007fff4607d000 	/System/Library/PrivateFrameworks/AppleJPEG.framework/Versions/A/AppleJPEG
0x00007fff3a546000 	/System/Library/Frameworks/MetalPerformanceShaders.framework/Frameworks/MPSCore.framework/Versions/A/MPSCore
0x00007fff3a562000 	/System/Library/Frameworks/MetalPerformanceShaders.framework/Frameworks/MPSImage.framework/Versions/A/MPSImage
0x00007fff3a5f7000 	/System/Library/Frameworks/MetalPerformanceShaders.framework/Frameworks/MPSNeuralNetwork.framework/Versions/A/MPSNeuralNetwork
0x00007fff3a5d2000 	/System/Library/Frameworks/MetalPerformanceShaders.framework/Frameworks/MPSMatrix.framework/Versions/A/MPSMatrix
0x00007fff51478000 	/System/Library/PrivateFrameworks/MetalTools.framework/Versions/A/MetalTools
0x00007fff3f8ac000 	/System/Library/Frameworks/OpenGL.framework/Versions/A/Libraries/libGLU.dylib
0x00007fff3f6ec000 	/System/Library/Frameworks/OpenGL.framework/Versions/A/Libraries/libGFXShared.dylib
0x00007fff3f6f6000 	/System/Library/Frameworks/OpenGL.framework/Versions/A/Libraries/libGL.dylib
0x00007fff3f702000 	/System/Library/Frameworks/OpenGL.framework/Versions/A/Libraries/libGLImage.dylib
0x00007fff3f6de000 	/System/Library/Frameworks/OpenGL.framework/Versions/A/Libraries/libCVMSPluginSupport.dylib
0x00007fff3f6e7000 	/System/Library/Frameworks/OpenGL.framework/Versions/A/Libraries/libCoreVMClient.dylib
0x00007fff5c33f000 	/usr/lib/libcups.2.dylib
0x00007fff39aad000 	/System/Library/Frameworks/Kerberos.framework/Versions/A/Kerberos
0x00007fff38273000 	/System/Library/Frameworks/GSS.framework/Versions/A/GSS
0x00007fff5d443000 	/usr/lib/libresolv.9.dylib
0x00007fff5c53d000 	/usr/lib/libiconv.2.dylib
0x00007fff4f5f3000 	/System/Library/PrivateFrameworks/Heimdal.framework/Versions/A/Heimdal
0x00007fff5c50c000 	/usr/lib/libheimdal-asn1.dylib
0x00007fff3e554000 	/System/Library/Frameworks/OpenDirectory.framework/Versions/A/OpenDirectory
0x00007fff48393000 	/System/Library/PrivateFrameworks/CommonAuth.framework/Versions/A/CommonAuth
0x00007fff3e537000 	/System/Library/Frameworks/OpenDirectory.framework/Versions/A/Frameworks/CFOpenDirectory.framework/Versions/A/CFOpenDirectory
0x00007fff41e6e000 	/System/Library/Frameworks/SecurityFoundation.framework/Versions/A/SecurityFoundation
0x00007fff45242000 	/System/Library/PrivateFrameworks/APFS.framework/Versions/A/APFS
0x00007fff5d878000 	/usr/lib/libutil.dylib
0x00007fff46100000 	/System/Library/PrivateFrameworks/AppleSauce.framework/Versions/A/AppleSauce
0x00007fff5075f000 	/System/Library/PrivateFrameworks/LinguisticData.framework/Versions/A/LinguisticData
0x00007fff5c8bf000 	/usr/lib/libmarisa.dylib
0x00007fff50719000 	/System/Library/PrivateFrameworks/Lexicon.framework/Versions/A/Lexicon
0x00007fff5b4bc000 	/usr/lib/libChineseTokenizer.dylib
0x00007fff5bb81000 	/usr/lib/libcmph.dylib
0x00007fff50623000 	/System/Library/PrivateFrameworks/LanguageModeling.framework/Versions/A/LanguageModeling
0x00007fff48ea2000 	/System/Library/PrivateFrameworks/CoreEmoji.framework/Versions/A/CoreEmoji
0x00007fff41f2c000 	/System/Library/Frameworks/ServiceManagement.framework/Versions/A/ServiceManagement
0x00007fff4694a000 	/System/Library/PrivateFrameworks/BackgroundTaskManagement.framework/Versions/A/BackgroundTaskManagement
0x00007fff5d975000 	/usr/lib/libxslt.1.dylib
0x00007fff3532b000 	/System/Library/Frameworks/Carbon.framework/Versions/A/Frameworks/Ink.framework/Versions/A/Ink
0x00007fff59806000 	/System/Library/PrivateFrameworks/TextureIO.framework/Versions/A/TextureIO
0x00007fff5b9a6000 	/usr/lib/libate.dylib
0x00007fff49f7c000 	/System/Library/PrivateFrameworks/CrashReporterSupport.framework/Versions/A/CrashReporterSupport
0x00007fff56b56000 	/System/Library/PrivateFrameworks/Sharing.framework/Versions/A/Sharing
0x00007fff50364000 	/System/Library/PrivateFrameworks/IconServices.framework/Versions/A/IconServices
0x00007fff4657a000 	/System/Library/PrivateFrameworks/AuthKit.framework/Versions/A/AuthKit
0x00007fff45f00000 	/System/Library/PrivateFrameworks/Apple80211.framework/Versions/A/Apple80211
0x00007fff49d91000 	/System/Library/PrivateFrameworks/CoreUtils.framework/Versions/A/CoreUtils
0x00007fff37970000 	/System/Library/Frameworks/CoreWLAN.framework/Versions/A/CoreWLAN
0x00007fff383b5000 	/System/Library/Frameworks/IOBluetooth.framework/Versions/A/IOBluetooth
0x00007fff55016000 	/System/Library/PrivateFrameworks/ProtocolBuffer.framework/Versions/A/ProtocolBuffer
0x00007fff51670000 	/System/Library/PrivateFrameworks/MobileKeyBag.framework/Versions/A/MobileKeyBag
0x00007fff49646000 	/System/Library/PrivateFrameworks/CorePhoneNumbers.framework/Versions/A/CorePhoneNumbers
0x00007fff46038000 	/System/Library/PrivateFrameworks/AppleIDAuthSupport.framework/Versions/A/AppleIDAuthSupport
0x00007fff5060f000 	/System/Library/PrivateFrameworks/KeychainCircle.framework/Versions/A/KeychainCircle
0x00007fff49f17000 	/System/Library/PrivateFrameworks/CoreWiFi.framework/Versions/A/CoreWiFi
0x00007fff35876000 	/System/Library/Frameworks/CoreBluetooth.framework/Versions/A/CoreBluetooth
0x00007fff4a166000 	/System/Library/PrivateFrameworks/DebugSymbols.framework/Versions/A/DebugSymbols
0x00007fff49b47000 	/System/Library/PrivateFrameworks/CoreSymbolication.framework/Versions/A/CoreSymbolication
0x00007fff58ff7000 	/System/Library/PrivateFrameworks/Symbolication.framework/Versions/A/Symbolication
0x00007fff45f2a000 	/System/Library/PrivateFrameworks/AppleFSCompression.framework/Versions/A/AppleFSCompression
0x00007fff58444000 	/System/Library/PrivateFrameworks/SpeechRecognitionCore.framework/Versions/A/SpeechRecognitionCore
0x0000000101e00000 	/Library/Java/JavaVirtualMachines/jdk1.8.0_191.jdk/Contents/Home/jre/lib/server/libjvm.dylib
0x00007fff5d745000 	/usr/lib/libstdc++.6.0.9.dylib
0x0000000100c7c000 	/Library/Java/JavaVirtualMachines/jdk1.8.0_191.jdk/Contents/Home/jre/lib/libverify.dylib
0x0000000100c8a000 	/Library/Java/JavaVirtualMachines/jdk1.8.0_191.jdk/Contents/Home/jre/lib/libjava.dylib
0x0000000100d0a000 	/Library/Java/JavaVirtualMachines/jdk1.8.0_191.jdk/Contents/Home/jre/lib/libzip.dylib
0x0000000109cf0000 	/Library/Java/JavaVirtualMachines/jdk1.8.0_191.jdk/Contents/Home/jre/lib/libnio.dylib
0x0000000109d00000 	/Library/Java/JavaVirtualMachines/jdk1.8.0_191.jdk/Contents/Home/jre/lib/./libnet.dylib
0x0000000109da8000 	/private/var/folders/7q/2yl3z6xj0cd24yc464xmf9qw0000gn/T/jogamp_0000/file_cache/jln4577403394249809710/jln479653191459499606/natives/macosx-universal/libgluegen-rt.jnilib
0x0000000109db1000 	/Library/Java/JavaVirtualMachines/jdk1.8.0_191.jdk/Contents/Home/jre/lib/libawt.dylib
0x0000000109e5b000 	/Library/Java/JavaVirtualMachines/jdk1.8.0_191.jdk/Contents/Home/jre/lib/./libmlib_image.dylib
0x00007fff39a96000 	/System/Library/Frameworks/JavaVM.framework/Versions/A/Frameworks/JavaNativeFoundation.framework/Versions/A/JavaNativeFoundation
0x00007fff39a9f000 	/System/Library/Frameworks/JavaVM.framework/Versions/A/Frameworks/JavaRuntimeSupport.framework/Versions/A/JavaRuntimeSupport
0x00007fff39aa8000 	/System/Library/Frameworks/JavaVM.framework/Versions/A/JavaVM
0x00007fff50525000 	/System/Library/PrivateFrameworks/JavaLaunching.framework/Versions/A/JavaLaunching
0x00007fff35016000 	/System/Library/Frameworks/Carbon.framework/Versions/A/Carbon
0x00007fff35017000 	/System/Library/Frameworks/Carbon.framework/Versions/A/Frameworks/CommonPanels.framework/Versions/A/CommonPanels
0x00007fff35321000 	/System/Library/Frameworks/Carbon.framework/Versions/A/Frameworks/Help.framework/Versions/A/Help
0x00007fff35325000 	/System/Library/Frameworks/Carbon.framework/Versions/A/Frameworks/ImageCapture.framework/Versions/A/ImageCapture
0x00007fff353c1000 	/System/Library/Frameworks/Carbon.framework/Versions/A/Frameworks/OpenScripting.framework/Versions/A/OpenScripting
0x00007fff353fc000 	/System/Library/Frameworks/Carbon.framework/Versions/A/Frameworks/Print.framework/Versions/A/Print
0x00007fff353fe000 	/System/Library/Frameworks/Carbon.framework/Versions/A/Frameworks/SecurityHI.framework/Versions/A/SecurityHI
0x0000000109f27000 	/Library/Java/JavaVirtualMachines/jdk1.8.0_191.jdk/Contents/Home/jre/lib/libawt_lwawt.dylib
0x0000000109fe1000 	/Library/Java/JavaVirtualMachines/jdk1.8.0_191.jdk/Contents/Home/jre/lib/./libosxapp.dylib
0x00007fff37e15000 	/System/Library/Frameworks/ExceptionHandling.framework/Versions/A/ExceptionHandling
0x00007fff497d9000 	/System/Library/PrivateFrameworks/CoreServicesInternal.framework/Versions/A/CoreServicesInternal
0x00007fff2e292000 	/System/Library/CoreServices/RawCamera.bundle/Contents/MacOS/RawCamera
0x00007fff514ea000 	/System/Library/PrivateFrameworks/MobileAsset.framework/Versions/A/MobileAsset
0x00007fff588fe000 	/System/Library/PrivateFrameworks/StreamingZip.framework/Versions/A/StreamingZip
0x00007fff39e3c000 	/System/Library/Frameworks/MediaToolbox.framework/Versions/A/MediaToolbox
0x00007fff48ae1000 	/System/Library/PrivateFrameworks/CoreAVCHD.framework/Versions/A/CoreAVCHD
0x00007fff39d85000 	/System/Library/Frameworks/MediaAccessibility.framework/Versions/A/MediaAccessibility
0x00007fff50f65000 	/System/Library/PrivateFrameworks/Mangrove.framework/Versions/A/Mangrove
0x00007fff36d0e000 	/System/Library/Frameworks/CoreMedia.framework/Versions/A/CoreMedia
0x00007fff424fa000 	/System/Library/Frameworks/VideoToolbox.framework/Versions/A/VideoToolbox
0x00007fff486d8000 	/System/Library/PrivateFrameworks/CoreAUC.framework/Versions/A/CoreAUC
0x00007fff5d4ae000 	/usr/lib/libspindump.dylib
0x00007fff461f5000 	/System/Library/PrivateFrameworks/AppleVA.framework/Versions/A/AppleVA
0x00007fff32255000 	/System/Library/Frameworks/Accelerate.framework/Versions/A/Frameworks/vImage.framework/Versions/A/Libraries/libCGInterfaces.dylib
0x00007fff3447c000 	/System/Library/Frameworks/ApplicationServices.framework/Versions/A/Frameworks/ATS.framework/Versions/A/Resources/libTrueTypeScaler.dylib
0x00007fff2fe61000 	/System/Library/Extensions/AppleIntelSKLGraphicsMTLDriver.bundle/Contents/MacOS/AppleIntelSKLGraphicsMTLDriver
0x000000010c19a000 	/System/Library/Extensions/GeForceMTLDriverWeb.bundle/Contents/MacOS/GeForceMTLDriverWeb
0x00007fff4d17a000 	/System/Library/PrivateFrameworks/GPUCompiler.framework/Versions/3802/Libraries/libmetal_timestamp.dylib
0x00007fff4b528000 	/System/Library/PrivateFrameworks/FamilyControls.framework/Versions/A/FamilyControls
0x00007fff48386000 	/System/Library/PrivateFrameworks/CommerceKit.framework/Versions/A/Frameworks/CommerceCore.framework/Versions/A/CommerceCore
0x00007fff59346000 	/System/Library/PrivateFrameworks/SystemAdministration.framework/Versions/A/SystemAdministration
0x00007fff45eb3000 	/System/Library/PrivateFrameworks/AppContainer.framework/Versions/A/AppContainer
0x00007fff56a0e000 	/System/Library/PrivateFrameworks/SecCodeWrapper.framework/Versions/A/SecCodeWrapper
0x00007fff4a4b4000 	/System/Library/PrivateFrameworks/DiskManagement.framework/Versions/A/DiskManagement
0x00007fff37b89000 	/System/Library/Frameworks/DirectoryService.framework/Versions/A/DirectoryService
0x00007fff4a3e1000 	/System/Library/PrivateFrameworks/DiskImages.framework/Versions/A/DiskImages
0x00007fff50856000 	/System/Library/PrivateFrameworks/LoginUIKit.framework/Versions/A/Frameworks/LoginUICore.framework/Versions/A/LoginUICore
0x00007fff5b4c8000 	/usr/lib/libCoreStorage.dylib
0x00007fff5c333000 	/usr/lib/libcsfde.dylib
0x00007fff5d377000 	/usr/lib/libodfde.dylib
0x00007fff51084000 	/System/Library/PrivateFrameworks/MediaKit.framework/Versions/A/MediaKit
0x00007fff37b95000 	/System/Library/Frameworks/DiscRecording.framework/Versions/A/DiscRecording
0x00007fff4a630000 	/System/Library/PrivateFrameworks/EFILogin.framework/Versions/A/EFILogin
0x00007fff54fbe000 	/System/Library/PrivateFrameworks/ProtectedCloudStorage.framework/Versions/A/ProtectedCloudStorage
0x00007fff5c3c0000 	/usr/lib/libcurl.4.dylib
0x00007fff5c007000 	/usr/lib/libcrypto.35.dylib
0x00007fff5d69f000 	/usr/lib/libssl.35.dylib
0x00007fff39ac7000 	/System/Library/Frameworks/LDAP.framework/Versions/A/LDAP
0x00007fff5996d000 	/System/Library/PrivateFrameworks/TrustEvaluationAgent.framework/Versions/A/TrustEvaluationAgent
0x00007fff5d49b000 	/usr/lib/libsasl2.2.dylib
0x00007fff48d2b000 	/System/Library/PrivateFrameworks/CoreDaemon.framework/Versions/B/CoreDaemon
0x00007fff460f7000 	/System/Library/PrivateFrameworks/AppleSRP.framework/Versions/A/AppleSRP
0x000000010c986000 	/Library/Java/JavaVirtualMachines/jdk1.8.0_191.jdk/Contents/Home/jre/lib/libfontmanager.dylib
0x000000010b13a000 	/private/var/folders/7q/2yl3z6xj0cd24yc464xmf9qw0000gn/T/jogamp_0000/file_cache/jln4577403394249809710/jln479653191459499606/natives/macosx-universal/libnativewindow_awt.jnilib
0x000000010b13d000 	/Library/Java/JavaVirtualMachines/jdk1.8.0_191.jdk/Contents/Home/jre/lib/libjawt.dylib
0x00007fff40272000 	/System/Library/Frameworks/OpenGL.framework/Versions/A/Resources/GLEngine.bundle/GLEngine
0x00007fff3f73e000 	/System/Library/Frameworks/OpenGL.framework/Versions/A/Libraries/libGLProgrammability.dylib
0x000000012c506000 	/System/Library/Extensions/GeForceGLDriverWeb.bundle/Contents/MacOS/GeForceGLDriverWeb
0x00007fff4e7da000 	/System/Library/PrivateFrameworks/GPUSupport.framework/Versions/A/Libraries/libGPUSupportMercury.dylib
0x000000012d92a000 	/System/Library/Extensions/AppleIntelSKLGraphicsGLDriver.bundle/Contents/MacOS/AppleIntelSKLGraphicsGLDriver
0x00007fff4040a000 	/System/Library/Frameworks/OpenGL.framework/Versions/A/Resources/GLRendererFloat.bundle/GLRendererFloat
0x00007fff3e4d3000 	/System/Library/Frameworks/OpenCL.framework/Versions/A/Libraries/libcldcpuengine.dylib
0x000000010d440000 	/private/var/folders/7q/2yl3z6xj0cd24yc464xmf9qw0000gn/T/jogamp_0000/file_cache/jln4577403394249809710/jln479653191459499606/natives/macosx-universal/libnativewindow_macosx.jnilib
0x000000010b944000 	/private/var/folders/7q/2yl3z6xj0cd24yc464xmf9qw0000gn/T/jogamp_0000/file_cache/jln4577403394249809710/jln479653191459499606/natives/macosx-universal/libjogl_desktop.jnilib
0x00007fff5a7f8000 	/System/Library/PrivateFrameworks/ViewBridge.framework/Versions/A/ViewBridge
0x000000010ba18000 	/private/var/folders/7q/2yl3z6xj0cd24yc464xmf9qw0000gn/T/jogamp_0000/file_cache/jln4577403394249809710/jln479653191459499606/natives/macosx-universal/libjogl_mobile.jnilib
0x000000010ba9c000 	/private/var/folders/7q/2yl3z6xj0cd24yc464xmf9qw0000gn/T/jogamp_0000/file_cache/jln4577403394249809710/jln479653191459499606/natives/macosx-universal/libnewt.jnilib

VM Arguments:
jvm_args: -ea -Dfile.encoding=UTF-8 
java_command: ch.innovazion.arionide.Main
java_class_path (initial): /Users/arion/git/Arionide/bin:/Users/arion/git/Arionide/lib/gluegen-rt-natives-linux-amd64.jar:/Users/arion/git/Arionide/lib/gluegen-rt-natives-linux-armv6.jar:/Users/arion/git/Arionide/lib/gluegen-rt-natives-linux-armv6hf.jar:/Users/arion/git/Arionide/lib/gluegen-rt-natives-linux-i586.jar:/Users/arion/git/Arionide/lib/gluegen-rt-natives-macosx-universal.jar:/Users/arion/git/Arionide/lib/gluegen-rt-natives-solaris-amd64.jar:/Users/arion/git/Arionide/lib/gluegen-rt-natives-solaris-i586.jar:/Users/arion/git/Arionide/lib/gluegen-rt-natives-windows-amd64.jar:/Users/arion/git/Arionide/lib/gluegen-rt-natives-windows-i586.jar:/Users/arion/git/Arionide/lib/gluegen-rt.jar:/Users/arion/git/Arionide/lib/jogl-all-natives-linux-amd64.jar:/Users/arion/git/Arionide/lib/jogl-all-natives-linux-armv6.jar:/Users/arion/git/Arionide/lib/jogl-all-natives-linux-armv6hf.jar:/Users/arion/git/Arionide/lib/jogl-all-natives-linux-i586.jar:/Users/arion/git/Arionide/lib/jogl-all-natives-macosx-universal.jar:/Users/arion/git/Arionide/lib/jogl-all-natives-solaris-amd64.jar:/Users/arion/git/Arionide/lib/jogl-all-natives-solaris-i586.jar:/Users/arion/git/Arionide/lib/jogl-all-natives-windows-amd64.jar:/Users/arion/git/Arionide/lib/jogl-all-natives-windows-i586.jar:/Users/arion/git/Arionide/lib/jogl-all.jar:/Users/arion/git/Arionide/lib/joml-1.9.5-SNAPSHOT.jar
Launcher Type: SUN_STANDARD

Environment Variables:
PATH=/usr/bin:/bin:/usr/sbin:/sbin
SHELL=/bin/bash

Signal Handlers:
SIGSEGV: [libjvm.dylib+0x5b5de9], sa_mask[0]=11111111011111110111111111111111, sa_flags=SA_ONSTACK|SA_RESTART|SA_SIGINFO
SIGBUS: [libjvm.dylib+0x5b5de9], sa_mask[0]=11111111011111110111111111111111, sa_flags=SA_RESTART|SA_SIGINFO
SIGFPE: [libjvm.dylib+0x48b6b0], sa_mask[0]=11111111011111110111111111111111, sa_flags=SA_RESTART|SA_SIGINFO
SIGPIPE: [libjvm.dylib+0x48b6b0], sa_mask[0]=11111111011111110111111111111111, sa_flags=SA_RESTART|SA_SIGINFO
SIGXFSZ: [libjvm.dylib+0x48b6b0], sa_mask[0]=11111111011111110111111111111111, sa_flags=SA_RESTART|SA_SIGINFO
SIGILL: [libjvm.dylib+0x48b6b0], sa_mask[0]=11111111011111110111111111111111, sa_flags=SA_RESTART|SA_SIGINFO
SIGUSR1: SIG_DFL, sa_mask[0]=00000000000000000000000000000000, sa_flags=none
SIGUSR2: [libjvm.dylib+0x48b1ce], sa_mask[0]=00100000000000000000000000000000, sa_flags=SA_RESTART|SA_SIGINFO
SIGHUP: [libjvm.dylib+0x489759], sa_mask[0]=11111111011111110111111111111111, sa_flags=SA_RESTART|SA_SIGINFO
SIGINT: [libjvm.dylib+0x489759], sa_mask[0]=11111111011111110111111111111111, sa_flags=SA_RESTART|SA_SIGINFO
SIGTERM: [libjvm.dylib+0x489759], sa_mask[0]=11111111011111110111111111111111, sa_flags=SA_RESTART|SA_SIGINFO
SIGQUIT: [libjvm.dylib+0x489759], sa_mask[0]=11111111011111110111111111111111, sa_flags=SA_RESTART|SA_SIGINFO


---------------  S Y S T E M  ---------------

OS:Bsduname:Darwin 17.7.0 Darwin Kernel Version 17.7.0: Thu Jun 21 22:53:14 PDT 2018; root:xnu-4570.71.2~1/RELEASE_X86_64 x86_64
rlimit: STACK 8192k, CORE 0k, NPROC 2837, NOFILE 10240, AS infinity
load average:1.85 1.71 1.72

CPU:total 8 (initial active 8) (4 cores per cpu, 2 threads per core) family 6 model 94 stepping 3, cmov, cx8, fxsr, mmx, sse, sse2, sse3, ssse3, sse4.1, sse4.2, popcnt, avx, avx2, aes, clmul, erms, rtm, 3dnowpref, lzcnt, ht, tsc, tscinvbit, bmi1, bmi2, adx

Memory: 4k page, physical 33554432k(492352k free)

/proc/meminfo:


vm_info: Java HotSpot(TM) 64-Bit Server VM (25.191-b12) for bsd-amd64 JRE (1.8.0_191-b12), built on Oct  6 2018 08:37:07 by "java_re" with gcc 4.2.1 (Based on Apple Inc. build 5658) (LLVM build 2336.11.00)

time: Fri Dec 21 21:01:20 2018
elapsed time: 2 seconds (0d 0h 0m 2s)

