#
# A fatal error has been detected by the Java Runtime Environment:
#
#  SIGSEGV (0xb) at pc=0x00007fff3e4f4c4e, pid=913, tid=0x0000000000005503
#
# JRE version: Java(TM) SE Runtime Environment (8.0_131-b11) (build 1.8.0_131-b11)
# Java VM: Java HotSpot(TM) 64-Bit Server VM (25.131-b11 mixed mode bsd-amd64 compressed oops)
# Problematic frame:
# C  [libGL.dylib+0x1c4e]  glGetIntegerv+0x12
#
# Failed to write core dump. Core dumps have been disabled. To enable core dumping, try "ulimit -c unlimited" before starting Java again
#
# If you would like to submit a bug report, please visit:
#   http://bugreport.java.com/bugreport/crash.jsp
# The crash happened outside the Java Virtual Machine in native code.
# See problematic frame for where to report the bug.
#

---------------  T H R E A D  ---------------

Current thread (0x00007ffbec809800):  JavaThread "Thread-0" [_thread_in_native, id=21763, stack(0x0000700001531000,0x0000700001631000)]

siginfo: si_signo: 11 (SIGSEGV), si_code: 1 (SEGV_MAPERR), si_addr: 0x0000000000000348

Registers:
RAX=0x00007fff3e4f4c3c, RBX=0x000000011a4ae150, RCX=0x0000000000000ba2, RDX=0x0000000000000000
RSP=0x000070000162f8e0, RBP=0x000070000162f8e0, RSI=0x0000000718b8b050, RDI=0x0000000000000ba2
R8 =0x0000000718b8b050, R9 =0x0000000000000000, R10=0x00007fff3e4f4c3c, R11=0x0000000000000000
R12=0x0000000000000000, R13=0x000000011a4ae150, R14=0x000070000162fa18, R15=0x00007ffbec809800
RIP=0x00007fff3e4f4c4e, EFLAGS=0x0000000000010206, ERR=0x0000000000000004
  TRAPNO=0x000000000000000e

Top of Stack: (sp=0x000070000162f8e0)
0x000070000162f8e0:   000070000162f940 000000013b3ef75a
0x000070000162f8f0:   0000000000000000 0000000718b8b050
0x000070000162f900:   0000000718b8b050 00007fff3e4f4c3c
0x000070000162f910:   00007fff3e4f4c3c 000000000062f958
0x000070000162f920:   000070000162fa08 00000ba200000000
0x000070000162f930:   000070000162fa18 00007ffbec8099f8
0x000070000162f940:   000070000162f9c8 000000011ad7d9f4
0x000070000162f950:   00007fff3e4f4c3c 000070000162f998
0x000070000162f960:   0000000113c78420 0000000000000000
0x000070000162f970:   0000000113c743d0 0000000000000000
0x000070000162f980:   000070000162f998 000070000162f988
0x000070000162f990:   0000000000000000 000070000162fa18
0x000070000162f9a0:   000000013b24e028 0000000000000000
0x000070000162f9b0:   000000011a4ae150 0000000000000000
0x000070000162f9c0:   000070000162f9e8 000070000162fa60
0x000070000162f9d0:   000000011ad6e2bd 0000000000000000
0x000070000162f9e0:   000000011ad77538 00007fff3e4f4c3c
0x000070000162f9f0:   000000011ad6dd00 0000000000000000
0x000070000162fa00:   0000000000000000 0000000718b8b040
0x000070000162fa10:   0000000000000ba2 0000000718425420
0x000070000162fa20:   000070000162fa20 000000011a4ae041
0x000070000162fa30:   000070000162fa98 000000013b24e028
0x000070000162fa40:   0000000000000000 000000011a4ae058
0x000070000162fa50:   000070000162f9e8 000070000162fa88
0x000070000162fa60:   000070000162fae0 000000011ad6e302
0x000070000162fa70:   00007fff3e4f4c3c 0000000000000000
0x000070000162fa80:   0000000000000000 0000000718b8b010
0x000070000162fa90:   0000000000000ba2 0000000718425420
0x000070000162faa0:   000070000162faa0 000000013b8f2084
0x000070000162fab0:   000070000162fb08 000000013b8f2148
0x000070000162fac0:   0000000000000000 000000013b8f20f0
0x000070000162fad0:   000070000162fa88 000070000162fb08 

Instructions: (pc=0x00007fff3e4f4c4e)
0x00007fff3e4f4c2e:   03 00 00 48 8b 3a 89 ce 4c 89 c2 5d ff e0 55 48
0x00007fff3e4f4c3e:   89 e5 49 89 f0 89 f9 65 48 8b 14 25 f0 00 00 00
0x00007fff3e4f4c4e:   48 8b 82 48 03 00 00 48 8b 3a 89 ce 4c 89 c2 5d
0x00007fff3e4f4c5e:   ff e0 55 48 89 e5 49 89 d0 89 f1 89 fa 65 48 8b 

Register to memory mapping:

RAX=0x00007fff3e4f4c3c: glGetIntegerv+0 in /System/Library/Frameworks/OpenGL.framework/Versions/A/Libraries/libGL.dylib at 0x00007fff3e4f3000
RBX={method} {0x000000011a4ae150} 'dispatch_glGetIntegerv1' '(ILjava/lang/Object;IZJ)V' in 'jogamp/opengl/gl4/GL4bcImpl'
RCX=0x0000000000000ba2 is an unknown value
RDX=0x0000000000000000 is an unknown value
RSP=0x000070000162f8e0 is pointing into the stack for thread: 0x00007ffbec809800
RBP=0x000070000162f8e0 is pointing into the stack for thread: 0x00007ffbec809800
RSI=0x0000000718b8b050 is an oop

[error occurred during error reporting (printing register info), id 0xb]

Stack: [0x0000700001531000,0x0000700001631000],  sp=0x000070000162f8e0,  free space=1018k
Native frames: (J=compiled Java code, j=interpreted, Vv=VM code, C=native code)
C  [libGL.dylib+0x1c4e]  glGetIntegerv+0x12
C  [libjogl_desktop.jnilib+0x1c75a]  Java_jogamp_opengl_gl4_GL4bcImpl_dispatch_1glGetIntegerv1__ILjava_lang_Object_2IZJ+0xba
j  jogamp.opengl.gl4.GL4bcImpl.dispatch_glGetIntegerv1(ILjava/lang/Object;IZJ)V+0
j  jogamp.opengl.gl4.GL4bcImpl.glGetIntegerv(ILjava/nio/IntBuffer;)V+89
j  org.azentreprise.arionide.ui.Viewport.glGetPixelSize(Lcom/jogamp/opengl/GL4;)Lorg/azentreprise/arionide/ui/topology/Size;+20
j  org.azentreprise.arionide.ui.render.gl.GLEdge.updateBounds(Lorg/azentreprise/arionide/ui/topology/Bounds;)V+15
v  ~StubRoutines::call_stub
V  [libjvm.dylib+0x2ee5b6]  JavaCalls::call_helper(JavaValue*, methodHandle*, JavaCallArguments*, Thread*)+0x6ae
V  [libjvm.dylib+0x4d3488]  Reflection::invoke(instanceKlassHandle, methodHandle, Handle, bool, objArrayHandle, BasicType, objArrayHandle, bool, Thread*)+0xe12
V  [libjvm.dylib+0x4d39bc]  Reflection::invoke_method(oopDesc*, Handle, objArrayHandle, Thread*)+0x16c
V  [libjvm.dylib+0x3469b8]  JVM_InvokeMethod+0x166
j  sun.reflect.NativeMethodAccessorImpl.invoke0(Ljava/lang/reflect/Method;Ljava/lang/Object;[Ljava/lang/Object;)Ljava/lang/Object;+0
j  sun.reflect.NativeMethodAccessorImpl.invoke(Ljava/lang/Object;[Ljava/lang/Object;)Ljava/lang/Object;+100
J 675 C1 sun.reflect.DelegatingMethodAccessorImpl.invoke(Ljava/lang/Object;[Ljava/lang/Object;)Ljava/lang/Object; (10 bytes) @ 0x000000011b04630c [0x000000011b046200+0x10c]
J 674 C1 java.lang.reflect.Method.invoke(Ljava/lang/Object;[Ljava/lang/Object;)Ljava/lang/Object; (62 bytes) @ 0x000000011b045d1c [0x000000011b045920+0x3fc]
j  org.azentreprise.arionide.ui.render.PrimitiveMulticaster$MulticasterRedirect.invoke(Ljava/lang/Object;Ljava/lang/reflect/Method;[Ljava/lang/Object;)Ljava/lang/Object;+53
j  com.sun.proxy.$Proxy0.updateBounds(Lorg/azentreprise/arionide/ui/topology/Bounds;)V+16
j  org.azentreprise.arionide.ui.overlay.components.Button.setBounds(Lorg/azentreprise/arionide/ui/topology/Bounds;)Lorg/azentreprise/arionide/ui/overlay/components/Button;+11
j  org.azentreprise.arionide.ui.overlay.components.Button.setBounds(Lorg/azentreprise/arionide/ui/topology/Bounds;)Lorg/azentreprise/arionide/ui/layout/Surface;+2
j  org.azentreprise.arionide.ui.layout.LayoutManager.lambda$1(Lorg/azentreprise/arionide/ui/layout/Surface;Lorg/azentreprise/arionide/ui/layout/LayoutManager$LayoutConfiguration;)V+76
j  org.azentreprise.arionide.ui.layout.LayoutManager$$Lambda$56.accept(Ljava/lang/Object;Ljava/lang/Object;)V+12
j  java.util.HashMap.forEach(Ljava/util/function/BiConsumer;)V+65
j  org.azentreprise.arionide.ui.layout.LayoutManager.apply()V+10
j  org.azentreprise.arionide.ui.layout.LayoutManager.handleEvent(Lorg/azentreprise/arionide/events/Event;)V+34
J 802 C1 org.azentreprise.arionide.events.dispatching.MainEventDispatcher.dispatchEvents()V (116 bytes) @ 0x000000011b09d8b4 [0x000000011b09cd20+0xb94]
J 796 C1 org.azentreprise.arionide.threading.EventDispatchingThread.tick()V (15 bytes) @ 0x000000011b096ac4 [0x000000011b096980+0x144]
j  org.azentreprise.arionide.threading.WorkingThread.run()V+8
v  ~StubRoutines::call_stub
V  [libjvm.dylib+0x2ee5b6]  JavaCalls::call_helper(JavaValue*, methodHandle*, JavaCallArguments*, Thread*)+0x6ae
V  [libjvm.dylib+0x2eed5a]  JavaCalls::call_virtual(JavaValue*, KlassHandle, Symbol*, Symbol*, JavaCallArguments*, Thread*)+0x164
V  [libjvm.dylib+0x2eef06]  JavaCalls::call_virtual(JavaValue*, Handle, KlassHandle, Symbol*, Symbol*, Thread*)+0x4a
V  [libjvm.dylib+0x34965d]  thread_entry(JavaThread*, Thread*)+0x7c
V  [libjvm.dylib+0x56b87f]  JavaThread::thread_main_inner()+0x9b
V  [libjvm.dylib+0x56cf6c]  JavaThread::run()+0x1c2
V  [libjvm.dylib+0x48b376]  java_start(Thread*)+0xf6
C  [libsystem_pthread.dylib+0x2b9b]  _pthread_body+0x7e
C  [libsystem_pthread.dylib+0x2b1d]  _pthread_body+0x0
C  [libsystem_pthread.dylib+0x274d]  thread_start+0xd
C  0x0000000000000000

Java frames: (J=compiled Java code, j=interpreted, Vv=VM code)
j  jogamp.opengl.gl4.GL4bcImpl.dispatch_glGetIntegerv1(ILjava/lang/Object;IZJ)V+0
j  jogamp.opengl.gl4.GL4bcImpl.glGetIntegerv(ILjava/nio/IntBuffer;)V+89
j  org.azentreprise.arionide.ui.Viewport.glGetPixelSize(Lcom/jogamp/opengl/GL4;)Lorg/azentreprise/arionide/ui/topology/Size;+20
j  org.azentreprise.arionide.ui.render.gl.GLEdge.updateBounds(Lorg/azentreprise/arionide/ui/topology/Bounds;)V+15
v  ~StubRoutines::call_stub
j  sun.reflect.NativeMethodAccessorImpl.invoke0(Ljava/lang/reflect/Method;Ljava/lang/Object;[Ljava/lang/Object;)Ljava/lang/Object;+0
j  sun.reflect.NativeMethodAccessorImpl.invoke(Ljava/lang/Object;[Ljava/lang/Object;)Ljava/lang/Object;+100
J 675 C1 sun.reflect.DelegatingMethodAccessorImpl.invoke(Ljava/lang/Object;[Ljava/lang/Object;)Ljava/lang/Object; (10 bytes) @ 0x000000011b04630c [0x000000011b046200+0x10c]
J 674 C1 java.lang.reflect.Method.invoke(Ljava/lang/Object;[Ljava/lang/Object;)Ljava/lang/Object; (62 bytes) @ 0x000000011b045d1c [0x000000011b045920+0x3fc]
j  org.azentreprise.arionide.ui.render.PrimitiveMulticaster$MulticasterRedirect.invoke(Ljava/lang/Object;Ljava/lang/reflect/Method;[Ljava/lang/Object;)Ljava/lang/Object;+53
j  com.sun.proxy.$Proxy0.updateBounds(Lorg/azentreprise/arionide/ui/topology/Bounds;)V+16
j  org.azentreprise.arionide.ui.overlay.components.Button.setBounds(Lorg/azentreprise/arionide/ui/topology/Bounds;)Lorg/azentreprise/arionide/ui/overlay/components/Button;+11
j  org.azentreprise.arionide.ui.overlay.components.Button.setBounds(Lorg/azentreprise/arionide/ui/topology/Bounds;)Lorg/azentreprise/arionide/ui/layout/Surface;+2
j  org.azentreprise.arionide.ui.layout.LayoutManager.lambda$1(Lorg/azentreprise/arionide/ui/layout/Surface;Lorg/azentreprise/arionide/ui/layout/LayoutManager$LayoutConfiguration;)V+76
j  org.azentreprise.arionide.ui.layout.LayoutManager$$Lambda$56.accept(Ljava/lang/Object;Ljava/lang/Object;)V+12
j  java.util.HashMap.forEach(Ljava/util/function/BiConsumer;)V+65
j  org.azentreprise.arionide.ui.layout.LayoutManager.apply()V+10
j  org.azentreprise.arionide.ui.layout.LayoutManager.handleEvent(Lorg/azentreprise/arionide/events/Event;)V+34
J 802 C1 org.azentreprise.arionide.events.dispatching.MainEventDispatcher.dispatchEvents()V (116 bytes) @ 0x000000011b09d8b4 [0x000000011b09cd20+0xb94]
J 796 C1 org.azentreprise.arionide.threading.EventDispatchingThread.tick()V (15 bytes) @ 0x000000011b096ac4 [0x000000011b096980+0x144]
j  org.azentreprise.arionide.threading.WorkingThread.run()V+8
v  ~StubRoutines::call_stub

---------------  P R O C E S S  ---------------

Java Threads: ( => current thread )
  0x00007ffbed289000 JavaThread "main-FPSAWTAnimator#00-Timer0" [_thread_blocked, id=71467, stack(0x00007000022e4000,0x00007000023e4000)]
  0x00007ffbec9e6000 JavaThread "Thread-8" daemon [_thread_in_native, id=36611, stack(0x0000700001c4c000,0x0000700001ccc000)]
  0x00007ffbef0e1000 JavaThread "main-Display-.macosx_nil-1-EDT-1" daemon [_thread_in_vm, id=72211, stack(0x00007000021e1000,0x00007000022e1000)]
  0x00007ffbee155800 JavaThread "Timer-0" [_thread_blocked, id=55823, stack(0x00007000020de000,0x00007000021de000)]
  0x00007ffbed990800 JavaThread "AWT-EventQueue-0" [_thread_blocked, id=51715, stack(0x0000700001fdb000,0x00007000020db000)]
  0x00007ffbef0d5000 JavaThread "Java2D Disposer" daemon [_thread_blocked, id=83083, stack(0x0000700001ed8000,0x0000700001fd8000)]
  0x00007ffbee109800 JavaThread "Java2D Queue Flusher" daemon [_thread_blocked, id=78855, stack(0x0000700001dd5000,0x0000700001ed5000)]
  0x00007ffbee0c1800 JavaThread "AWT-Shutdown" [_thread_blocked, id=37927, stack(0x000070000193d000,0x0000700001a3d000)]
  0x00007ffbee8dd800 JavaThread "AWT-AppKit" daemon [_thread_in_native, id=775, stack(0x00007ffee0d3d000,0x00007ffee153d000)]
  0x00007ffbed851800 JavaThread "Thread-3" [_thread_blocked, id=22787, stack(0x000070000183a000,0x000070000193a000)]
  0x00007ffbed851000 JavaThread "Thread-2" [_thread_blocked, id=43011, stack(0x0000700001737000,0x0000700001837000)]
  0x00007ffbec80a000 JavaThread "Thread-1" [_thread_blocked, id=43267, stack(0x0000700001634000,0x0000700001734000)]
=>0x00007ffbec809800 JavaThread "Thread-0" [_thread_in_native, id=21763, stack(0x0000700001531000,0x0000700001631000)]
  0x00007ffbeb802000 JavaThread "Service Thread" daemon [_thread_blocked, id=15875, stack(0x000070000132b000,0x000070000142b000)]
  0x00007ffbee807000 JavaThread "C1 CompilerThread3" daemon [_thread_blocked, id=17155, stack(0x0000700001228000,0x0000700001328000)]
  0x00007ffbee806000 JavaThread "C2 CompilerThread2" daemon [_thread_blocked, id=17667, stack(0x0000700001125000,0x0000700001225000)]
  0x00007ffbed01f000 JavaThread "C2 CompilerThread1" daemon [_thread_blocked, id=17923, stack(0x0000700001022000,0x0000700001122000)]
  0x00007ffbed01d800 JavaThread "C2 CompilerThread0" daemon [_thread_blocked, id=15363, stack(0x0000700000f1f000,0x000070000101f000)]
  0x00007ffbed01c800 JavaThread "Signal Dispatcher" daemon [_thread_blocked, id=15107, stack(0x0000700000e1c000,0x0000700000f1c000)]
  0x00007ffbed817000 JavaThread "Finalizer" daemon [_thread_blocked, id=13571, stack(0x0000700000d19000,0x0000700000e19000)]
  0x00007ffbed814000 JavaThread "Reference Handler" daemon [_thread_blocked, id=13059, stack(0x0000700000c16000,0x0000700000d16000)]
  0x00007ffbee002000 JavaThread "main" [_thread_blocked, id=6659, stack(0x00007000001f8000,0x00007000002f8000)]

Other Threads:
  0x00007ffbee822800 VMThread [stack: 0x0000700000b13000,0x0000700000c13000] [id=19971]
  0x00007ffbee807800 WatcherThread [stack: 0x000070000142e000,0x000070000152e000] [id=16387]

VM state:not at safepoint (normal execution)

VM Mutex/Monitor currently owned by a thread: None

Heap:
 PSYoungGen      total 153088K, used 60542K [0x0000000715580000, 0x0000000720000000, 0x00000007c0000000)
  eden space 131584K, 46% used [0x0000000715580000,0x000000071909fbc0,0x000000071d600000)
  from space 21504K, 0% used [0x000000071eb00000,0x000000071eb00000,0x0000000720000000)
  to   space 21504K, 0% used [0x000000071d600000,0x000000071d600000,0x000000071eb00000)
 ParOldGen       total 349696K, used 0K [0x00000005c0000000, 0x00000005d5580000, 0x0000000715580000)
  object space 349696K, 0% used [0x00000005c0000000,0x00000005c0000000,0x00000005d5580000)
 Metaspace       used 17957K, capacity 18410K, committed 18688K, reserved 1067008K
  class space    used 1836K, capacity 1980K, committed 2048K, reserved 1048576K

Card table byte_map: [0x0000000110b63000,0x0000000111b64000] byte_map_base: 0x000000010dd63000

Marking Bits: (ParMarkBitMap*) 0x00000001100f1ea0
 Begin Bits: [0x0000000129d66000, 0x0000000131d66000)
 End Bits:   [0x0000000131d66000, 0x0000000139d66000)

Polling page: 0x000000010e739000

CodeCache: size=245760Kb used=4168Kb max_used=4168Kb free=241592Kb
 bounds [0x000000011ad66000, 0x000000011b186000, 0x0000000129d66000]
 total_blobs=1923 nmethods=1092 adapters=745
 compilation: enabled

Compilation events (10 events):
Event: 3.379 Thread 0x00007ffbee807000 nmethod 1079 0x000000011b167790 code [0x000000011b1678e0, 0x000000011b1679f0]
Event: 3.379 Thread 0x00007ffbee807000 1080       1       org.azentreprise.arionide.ui.render.font.CharMeta::getY1 (5 bytes)
Event: 3.379 Thread 0x00007ffbee807000 nmethod 1080 0x000000011b175e10 code [0x000000011b175f60, 0x000000011b176070]
Event: 3.379 Thread 0x00007ffbee807000 1081       1       org.azentreprise.arionide.ui.render.font.CharMeta::getAdvance (5 bytes)
Event: 3.379 Thread 0x00007ffbee807000 nmethod 1081 0x000000011b175b50 code [0x000000011b175ca0, 0x000000011b175db0]
Event: 3.379 Thread 0x00007ffbee807000 1083       3       java.nio.Buffer::remaining (10 bytes)
Event: 3.379 Thread 0x00007ffbee807000 nmethod 1083 0x000000011b175850 code [0x000000011b1759a0, 0x000000011b175af0]
Event: 3.379 Thread 0x00007ffbee807000 1084       3       java.nio.Buffer::checkBounds (25 bytes)
Event: 3.379 Thread 0x00007ffbee807000 nmethod 1084 0x000000011b175390 code [0x000000011b175500, 0x000000011b175748]
Event: 3.379 Thread 0x00007ffbee807000 1085       3       java.util.stream.IntPipeline$$Lambda$36/926370398::applyAsInt (6 bytes)

GC Heap History (0 events):
No events

Deoptimization events (10 events):
Event: 0.275 Thread 0x00007ffbee002000 Uncommon trap: reason=class_check action=maybe_recompile pc=0x000000011af618d4 method=java.util.zip.InflaterInputStream.read([BII)I @ 100
Event: 0.275 Thread 0x00007ffbee002000 Uncommon trap: reason=class_check action=maybe_recompile pc=0x000000011af618d4 method=java.util.zip.InflaterInputStream.read([BII)I @ 100
Event: 0.275 Thread 0x00007ffbee002000 Uncommon trap: reason=class_check action=maybe_recompile pc=0x000000011af618d4 method=java.util.zip.InflaterInputStream.read([BII)I @ 100
Event: 0.275 Thread 0x00007ffbee002000 Uncommon trap: reason=class_check action=maybe_recompile pc=0x000000011af618d4 method=java.util.zip.InflaterInputStream.read([BII)I @ 100
Event: 0.332 Thread 0x00007ffbee002000 Uncommon trap: reason=unstable_if action=reinterpret pc=0x000000011af62d08 method=java.lang.String.indexOf([CII[CIII)I @ 3
Event: 2.013 Thread 0x00007ffbee002000 Uncommon trap: reason=unstable_if action=reinterpret pc=0x000000011aeb3b54 method=java.lang.String.startsWith(Ljava/lang/String;I)Z @ 25
Event: 2.975 Thread 0x00007ffbee002000 Uncommon trap: reason=unstable_if action=reinterpret pc=0x000000011b06fe08 method=java.util.HashMap.getNode(ILjava/lang/Object;)Ljava/util/HashMap$Node; @ 116
Event: 2.985 Thread 0x00007ffbee002000 Uncommon trap: reason=unstable_if action=reinterpret pc=0x000000011b0b1d70 method=java.util.HashMap.getNode(ILjava/lang/Object;)Ljava/util/HashMap$Node; @ 116
Event: 3.047 Thread 0x00007ffbee002000 Uncommon trap: reason=unstable_if action=reinterpret pc=0x000000011b117928 method=jogamp.opengl.util.pngj.PngHelperInternal.filterPaethPredictor(III)I @ 24
Event: 3.135 Thread 0x00007ffbee002000 Uncommon trap: reason=unstable_if action=reinterpret pc=0x000000011af1b31c method=java.lang.String.replace(CC)Ljava/lang/String; @ 26

Internal exceptions (10 events):
Event: 0.199 Thread 0x00007ffbee002000 Exception <a 'java/lang/NoSuchFieldError': method resolution failed> (0x0000000715dc45d0) thrown at [/Users/java_re/workspace/8-2-build-macosx-x86_64/jdk8u131/8869/hotspot/src/share/vm/prims/methodHandles.cpp, line 1146]
Event: 0.200 Thread 0x00007ffbee002000 Exception <a 'java/lang/NoSuchFieldError': method resolution failed> (0x0000000715dd1950) thrown at [/Users/java_re/workspace/8-2-build-macosx-x86_64/jdk8u131/8869/hotspot/src/share/vm/prims/methodHandles.cpp, line 1146]
Event: 0.273 Thread 0x00007ffbee002000 Exception <a 'sun/nio/fs/UnixException'> (0x0000000715fb9370) thrown at [/Users/java_re/workspace/8-2-build-macosx-x86_64/jdk8u131/8869/hotspot/src/share/vm/prims/jni.cpp, line 709]
Event: 0.273 Thread 0x00007ffbee002000 Exception <a 'sun/nio/fs/UnixException'> (0x0000000715fbdc48) thrown at [/Users/java_re/workspace/8-2-build-macosx-x86_64/jdk8u131/8869/hotspot/src/share/vm/prims/jni.cpp, line 709]
Event: 0.274 Thread 0x00007ffbee002000 Exception <a 'sun/nio/fs/UnixException'> (0x0000000715fc22b8) thrown at [/Users/java_re/workspace/8-2-build-macosx-x86_64/jdk8u131/8869/hotspot/src/share/vm/prims/jni.cpp, line 709]
Event: 0.342 Thread 0x00007ffbee002000 Exception <a 'java/lang/UnsatisfiedLinkError': com.jogamp.common.util.JarUtil.fixNativeLibAttribs(Ljava/lang/String;)Z> (0x0000000716256588) thrown at [/Users/java_re/workspace/8-2-build-macosx-x86_64/jdk8u131/8869/hotspot/src/share/vm/prims/nativeLookup.
Event: 1.671 Thread 0x00007ffbee002000 Exception <a 'java/io/FileNotFoundException'> (0x000000071666bf40) thrown at [/Users/java_re/workspace/8-2-build-macosx-x86_64/jdk8u131/8869/hotspot/src/share/vm/prims/jni.cpp, line 709]
Event: 1.671 Thread 0x00007ffbee002000 Exception <a 'java/io/FileNotFoundException'> (0x000000071666caa8) thrown at [/Users/java_re/workspace/8-2-build-macosx-x86_64/jdk8u131/8869/hotspot/src/share/vm/prims/jni.cpp, line 709]
Event: 1.708 Thread 0x00007ffbee002000 Exception <a 'java/io/FileNotFoundException'> (0x00000007166c6e30) thrown at [/Users/java_re/workspace/8-2-build-macosx-x86_64/jdk8u131/8869/hotspot/src/share/vm/prims/jni.cpp, line 709]
Event: 3.138 Thread 0x00007ffbee002000 Exception <a 'java/lang/NoSuchMethodError': java.lang.Object.lambda$chars$0()Ljava/util/Spliterator$OfInt;> (0x00000007182e3a58) thrown at [/Users/java_re/workspace/8-2-build-macosx-x86_64/jdk8u131/8869/hotspot/src/share/vm/interpreter/linkResolver.cpp, l

Events (10 events):
Event: 3.378 loading class org/azentreprise/arionide/ui/layout/Surface
Event: 3.378 loading class org/azentreprise/arionide/ui/layout/Surface done
Event: 3.379 loading class org/azentreprise/arionide/ui/layout/Surface
Event: 3.379 loading class org/azentreprise/arionide/ui/layout/Surface done
Event: 3.379 loading class org/azentreprise/arionide/ui/layout/LayoutManager
Event: 3.379 loading class org/azentreprise/arionide/ui/layout/LayoutManager done
Event: 3.379 loading class org/azentreprise/arionide/ui/render/gl/GLUnedgedRectangle
Event: 3.379 loading class org/azentreprise/arionide/ui/render/gl/GLUnedgedRectangle done
Event: 3.379 loading class org/azentreprise/arionide/ui/Viewport
Event: 3.379 loading class org/azentreprise/arionide/ui/Viewport done


Dynamic libraries:
0x000000000d5ef000 	/System/Library/Frameworks/Cocoa.framework/Versions/A/Cocoa
0x000000000d5ef000 	/System/Library/Frameworks/Security.framework/Versions/A/Security
0x000000000d5ef000 	/System/Library/Frameworks/ApplicationServices.framework/Versions/A/ApplicationServices
0x000000000d5ef000 	/usr/lib/libz.1.dylib
0x000000000d5ef000 	/usr/lib/libSystem.B.dylib
0x000000000d5ef000 	/usr/lib/libobjc.A.dylib
0x000000000d5ef000 	/System/Library/Frameworks/CoreFoundation.framework/Versions/A/CoreFoundation
0x000000000d5ef000 	/System/Library/Frameworks/Foundation.framework/Versions/C/Foundation
0x000000000d5ef000 	/System/Library/Frameworks/AppKit.framework/Versions/C/AppKit
0x000000000d5ef000 	/System/Library/Frameworks/CoreData.framework/Versions/A/CoreData
0x000000000d5ef000 	/System/Library/PrivateFrameworks/RemoteViewServices.framework/Versions/A/RemoteViewServices
0x000000000d5ef000 	/System/Library/PrivateFrameworks/UIFoundation.framework/Versions/A/UIFoundation
0x000000000d5ef000 	/System/Library/PrivateFrameworks/IconServices.framework/Versions/A/IconServices
0x000000000d5ef000 	/System/Library/Frameworks/Metal.framework/Versions/A/Metal
0x000000000d5ef000 	/System/Library/PrivateFrameworks/DesktopServicesPriv.framework/Versions/A/DesktopServicesPriv
0x000000000d5ef000 	/usr/lib/libenergytrace.dylib
0x000000000d5ef000 	/System/Library/PrivateFrameworks/SkyLight.framework/Versions/A/SkyLight
0x000000000d5ef000 	/System/Library/Frameworks/CoreGraphics.framework/Versions/A/CoreGraphics
0x000000000d5ef000 	/System/Library/Frameworks/Accelerate.framework/Versions/A/Accelerate
0x000000000d5ef000 	/System/Library/Frameworks/IOSurface.framework/Versions/A/IOSurface
0x000000000d5ef000 	/System/Library/PrivateFrameworks/DFRFoundation.framework/Versions/A/DFRFoundation
0x000000000d5ef000 	/System/Library/Frameworks/AudioToolbox.framework/Versions/A/AudioToolbox
0x000000000d5ef000 	/System/Library/Frameworks/AudioUnit.framework/Versions/A/AudioUnit
0x000000000d5ef000 	/System/Library/PrivateFrameworks/DataDetectorsCore.framework/Versions/A/DataDetectorsCore
0x000000000d5ef000 	/System/Library/Frameworks/Carbon.framework/Versions/A/Frameworks/HIToolbox.framework/Versions/A/HIToolbox
0x000000000d5ef000 	/usr/lib/libicucore.A.dylib
0x000000000d5ef000 	/System/Library/Frameworks/QuartzCore.framework/Versions/A/QuartzCore
0x000000000d5ef000 	/System/Library/PrivateFrameworks/SignpostNotification.framework/Versions/A/SignpostNotification
0x000000000d5ef000 	/System/Library/Frameworks/Carbon.framework/Versions/A/Frameworks/SpeechRecognition.framework/Versions/A/SpeechRecognition
0x000000000d5ef000 	/usr/lib/libauto.dylib
0x000000000d5ef000 	/usr/lib/libxml2.2.dylib
0x000000000d5ef000 	/System/Library/PrivateFrameworks/CoreUI.framework/Versions/A/CoreUI
0x000000000d5ef000 	/System/Library/Frameworks/CoreAudio.framework/Versions/A/CoreAudio
0x000000000d5ef000 	/System/Library/Frameworks/DiskArbitration.framework/Versions/A/DiskArbitration
0x000000000d5ef000 	/usr/lib/liblangid.dylib
0x000000000d5ef000 	/System/Library/PrivateFrameworks/MultitouchSupport.framework/Versions/A/MultitouchSupport
0x000000000d5ef000 	/System/Library/Frameworks/IOKit.framework/Versions/A/IOKit
0x000000000d5ef000 	/usr/lib/libDiagnosticMessagesClient.dylib
0x000000000d5ef000 	/System/Library/Frameworks/CoreServices.framework/Versions/A/CoreServices
0x000000000d5ef000 	/System/Library/PrivateFrameworks/PerformanceAnalysis.framework/Versions/A/PerformanceAnalysis
0x000000000d5ef000 	/System/Library/Frameworks/OpenGL.framework/Versions/A/OpenGL
0x000000000d5ef000 	/System/Library/Frameworks/ColorSync.framework/Versions/A/ColorSync
0x000000000d5ef000 	/System/Library/Frameworks/CoreImage.framework/Versions/A/CoreImage
0x000000000d5ef000 	/System/Library/Frameworks/CoreText.framework/Versions/A/CoreText
0x000000000d5ef000 	/System/Library/Frameworks/ImageIO.framework/Versions/A/ImageIO
0x000000000d5ef000 	/System/Library/PrivateFrameworks/Backup.framework/Versions/A/Backup
0x000000000d5ef000 	/usr/lib/libarchive.2.dylib
0x000000000d5ef000 	/System/Library/Frameworks/CFNetwork.framework/Versions/A/CFNetwork
0x000000000d5ef000 	/System/Library/Frameworks/SystemConfiguration.framework/Versions/A/SystemConfiguration
0x000000000d5ef000 	/usr/lib/libCRFSuite.dylib
0x000000000d5ef000 	/usr/lib/libc++.1.dylib
0x000000000d5ef000 	/usr/lib/libc++abi.dylib
0x000000000d5ef000 	/usr/lib/system/libcache.dylib
0x000000000d5ef000 	/usr/lib/system/libcommonCrypto.dylib
0x000000000d5ef000 	/usr/lib/system/libcompiler_rt.dylib
0x000000000d5ef000 	/usr/lib/system/libcopyfile.dylib
0x000000000d5ef000 	/usr/lib/system/libcorecrypto.dylib
0x000000000d5ef000 	/usr/lib/system/libdispatch.dylib
0x000000000d5ef000 	/usr/lib/system/libdyld.dylib
0x000000000d5ef000 	/usr/lib/system/libkeymgr.dylib
0x000000000d5ef000 	/usr/lib/system/liblaunch.dylib
0x000000000d5ef000 	/usr/lib/system/libmacho.dylib
0x000000000d5ef000 	/usr/lib/system/libquarantine.dylib
0x000000000d5ef000 	/usr/lib/system/libremovefile.dylib
0x000000000d5ef000 	/usr/lib/system/libsystem_asl.dylib
0x000000000d5ef000 	/usr/lib/system/libsystem_blocks.dylib
0x000000000d5ef000 	/usr/lib/system/libsystem_c.dylib
0x000000000d5ef000 	/usr/lib/system/libsystem_configuration.dylib
0x000000000d5ef000 	/usr/lib/system/libsystem_containermanager.dylib
0x000000000d5ef000 	/usr/lib/system/libsystem_coreservices.dylib
0x000000000d5ef000 	/usr/lib/system/libsystem_darwin.dylib
0x000000000d5ef000 	/usr/lib/system/libsystem_dnssd.dylib
0x000000000d5ef000 	/usr/lib/system/libsystem_info.dylib
0x000000000d5ef000 	/usr/lib/system/libsystem_m.dylib
0x000000000d5ef000 	/usr/lib/system/libsystem_malloc.dylib
0x000000000d5ef000 	/usr/lib/system/libsystem_networkextension.dylib
0x000000000d5ef000 	/usr/lib/system/libsystem_notify.dylib
0x000000000d5ef000 	/usr/lib/system/libsystem_sandbox.dylib
0x000000000d5ef000 	/usr/lib/system/libsystem_secinit.dylib
0x000000000d5ef000 	/usr/lib/system/libsystem_kernel.dylib
0x000000000d5ef000 	/usr/lib/system/libsystem_platform.dylib
0x000000000d5ef000 	/usr/lib/system/libsystem_pthread.dylib
0x000000000d5ef000 	/usr/lib/system/libsystem_symptoms.dylib
0x000000000d5ef000 	/usr/lib/system/libsystem_trace.dylib
0x000000000d5ef000 	/usr/lib/system/libunwind.dylib
0x000000000d5ef000 	/usr/lib/system/libxpc.dylib
0x000000000d5ef000 	/usr/lib/libbsm.0.dylib
0x000000000d5ef000 	/usr/lib/system/libkxld.dylib
0x000000000d5ef000 	/usr/lib/libOpenScriptingUtil.dylib
0x000000000d5ef000 	/usr/lib/libcoretls.dylib
0x000000000d5ef000 	/usr/lib/libcoretls_cfhelpers.dylib
0x000000000d5ef000 	/usr/lib/libpam.2.dylib
0x000000000d5ef000 	/usr/lib/libsqlite3.dylib
0x000000000d5ef000 	/usr/lib/libxar.1.dylib
0x000000000d5ef000 	/usr/lib/libbz2.1.0.dylib
0x000000000d5ef000 	/usr/lib/liblzma.5.dylib
0x000000000d5ef000 	/usr/lib/libnetwork.dylib
0x000000000d5ef000 	/usr/lib/libapple_nghttp2.dylib
0x000000000d5ef000 	/usr/lib/libpcap.A.dylib
0x000000000d5ef000 	/System/Library/Frameworks/CoreServices.framework/Versions/A/Frameworks/FSEvents.framework/Versions/A/FSEvents
0x000000000d5ef000 	/System/Library/Frameworks/CoreServices.framework/Versions/A/Frameworks/CarbonCore.framework/Versions/A/CarbonCore
0x000000000d5ef000 	/System/Library/Frameworks/CoreServices.framework/Versions/A/Frameworks/Metadata.framework/Versions/A/Metadata
0x000000000d5ef000 	/System/Library/Frameworks/CoreServices.framework/Versions/A/Frameworks/OSServices.framework/Versions/A/OSServices
0x000000000d5ef000 	/System/Library/Frameworks/CoreServices.framework/Versions/A/Frameworks/SearchKit.framework/Versions/A/SearchKit
0x000000000d5ef000 	/System/Library/Frameworks/CoreServices.framework/Versions/A/Frameworks/AE.framework/Versions/A/AE
0x000000000d5ef000 	/System/Library/Frameworks/CoreServices.framework/Versions/A/Frameworks/LaunchServices.framework/Versions/A/LaunchServices
0x000000000d5ef000 	/System/Library/Frameworks/CoreServices.framework/Versions/A/Frameworks/DictionaryServices.framework/Versions/A/DictionaryServices
0x000000000d5ef000 	/System/Library/Frameworks/CoreServices.framework/Versions/A/Frameworks/SharedFileList.framework/Versions/A/SharedFileList
0x000000000d5ef000 	/System/Library/Frameworks/NetFS.framework/Versions/A/NetFS
0x000000000d5ef000 	/System/Library/PrivateFrameworks/NetAuth.framework/Versions/A/NetAuth
0x000000000d5ef000 	/System/Library/PrivateFrameworks/login.framework/Versions/A/Frameworks/loginsupport.framework/Versions/A/loginsupport
0x000000000d5ef000 	/System/Library/PrivateFrameworks/TCC.framework/Versions/A/TCC
0x000000000d5ef000 	/System/Library/PrivateFrameworks/CoreNLP.framework/Versions/A/CoreNLP
0x000000000d5ef000 	/System/Library/PrivateFrameworks/MetadataUtilities.framework/Versions/A/MetadataUtilities
0x000000000d5ef000 	/usr/lib/libmecabra.dylib
0x000000000d5ef000 	/System/Library/Frameworks/ApplicationServices.framework/Versions/A/Frameworks/ATS.framework/Versions/A/ATS
0x000000000d5ef000 	/System/Library/Frameworks/ApplicationServices.framework/Versions/A/Frameworks/ColorSyncLegacy.framework/Versions/A/ColorSyncLegacy
0x000000000d5ef000 	/System/Library/Frameworks/ApplicationServices.framework/Versions/A/Frameworks/HIServices.framework/Versions/A/HIServices
0x000000000d5ef000 	/System/Library/Frameworks/ApplicationServices.framework/Versions/A/Frameworks/LangAnalysis.framework/Versions/A/LangAnalysis
0x000000000d5ef000 	/System/Library/Frameworks/ApplicationServices.framework/Versions/A/Frameworks/PrintCore.framework/Versions/A/PrintCore
0x000000000d5ef000 	/System/Library/Frameworks/ApplicationServices.framework/Versions/A/Frameworks/QD.framework/Versions/A/QD
0x000000000d5ef000 	/System/Library/Frameworks/ApplicationServices.framework/Versions/A/Frameworks/SpeechSynthesis.framework/Versions/A/SpeechSynthesis
0x000000000d5ef000 	/System/Library/Frameworks/CoreDisplay.framework/Versions/A/CoreDisplay
0x000000000d5ef000 	/System/Library/Frameworks/MetalPerformanceShaders.framework/Versions/A/MetalPerformanceShaders
0x000000000d5ef000 	/System/Library/Frameworks/Accelerate.framework/Versions/A/Frameworks/vImage.framework/Versions/A/vImage
0x000000000d5ef000 	/System/Library/Frameworks/Accelerate.framework/Versions/A/Frameworks/vecLib.framework/Versions/A/vecLib
0x000000000d5ef000 	/usr/lib/libcompression.dylib
0x000000000d5ef000 	/System/Library/Frameworks/Accelerate.framework/Versions/A/Frameworks/vecLib.framework/Versions/A/libvMisc.dylib
0x000000000d5ef000 	/System/Library/Frameworks/Accelerate.framework/Versions/A/Frameworks/vecLib.framework/Versions/A/libvDSP.dylib
0x000000000d5ef000 	/System/Library/Frameworks/Accelerate.framework/Versions/A/Frameworks/vecLib.framework/Versions/A/libBLAS.dylib
0x000000000d5ef000 	/System/Library/Frameworks/Accelerate.framework/Versions/A/Frameworks/vecLib.framework/Versions/A/libLAPACK.dylib
0x000000000d5ef000 	/System/Library/Frameworks/Accelerate.framework/Versions/A/Frameworks/vecLib.framework/Versions/A/libLinearAlgebra.dylib
0x000000000d5ef000 	/System/Library/Frameworks/Accelerate.framework/Versions/A/Frameworks/vecLib.framework/Versions/A/libSparseBLAS.dylib
0x000000000d5ef000 	/System/Library/Frameworks/Accelerate.framework/Versions/A/Frameworks/vecLib.framework/Versions/A/libQuadrature.dylib
0x000000000d5ef000 	/System/Library/Frameworks/Accelerate.framework/Versions/A/Frameworks/vecLib.framework/Versions/A/libBNNS.dylib
0x000000000d5ef000 	/System/Library/Frameworks/Accelerate.framework/Versions/A/Frameworks/vecLib.framework/Versions/A/libSparse.dylib
0x000000000d5ef000 	/System/Library/PrivateFrameworks/GPUWrangler.framework/Versions/A/GPUWrangler
0x000000000d5ef000 	/System/Library/PrivateFrameworks/IOAccelerator.framework/Versions/A/IOAccelerator
0x000000000d5ef000 	/System/Library/PrivateFrameworks/IOPresentment.framework/Versions/A/IOPresentment
0x000000000d5ef000 	/System/Library/PrivateFrameworks/DSExternalDisplay.framework/Versions/A/DSExternalDisplay
0x000000000d5ef000 	/System/Library/Frameworks/OpenGL.framework/Versions/A/Libraries/libCoreFSCache.dylib
0x000000000d5ef000 	/System/Library/Frameworks/MetalPerformanceShaders.framework/Frameworks/MPSCore.framework/Versions/A/MPSCore
0x000000000d5ef000 	/System/Library/Frameworks/MetalPerformanceShaders.framework/Frameworks/MPSImage.framework/Versions/A/MPSImage
0x000000000d5ef000 	/System/Library/Frameworks/MetalPerformanceShaders.framework/Frameworks/MPSNeuralNetwork.framework/Versions/A/MPSNeuralNetwork
0x000000000d5ef000 	/System/Library/Frameworks/MetalPerformanceShaders.framework/Frameworks/MPSMatrix.framework/Versions/A/MPSMatrix
0x000000000d5ef000 	/System/Library/Frameworks/MetalPerformanceShaders.framework/Frameworks/MPSRayIntersector.framework/Versions/A/MPSRayIntersector
0x000000000d5ef000 	/System/Library/PrivateFrameworks/MetalTools.framework/Versions/A/MetalTools
0x000000000d5ef000 	/System/Library/Frameworks/CoreVideo.framework/Versions/A/CoreVideo
0x000000000d5ef000 	/System/Library/PrivateFrameworks/GraphVisualizer.framework/Versions/A/GraphVisualizer
0x000000000d5ef000 	/System/Library/PrivateFrameworks/FaceCore.framework/Versions/A/FaceCore
0x000000000d5ef000 	/System/Library/Frameworks/OpenCL.framework/Versions/A/OpenCL
0x000000000d5ef000 	/usr/lib/libFosl_dynamic.dylib
0x000000000d5ef000 	/System/Library/Frameworks/ApplicationServices.framework/Versions/A/Frameworks/ATS.framework/Versions/A/Resources/libFontParser.dylib
0x000000000d5ef000 	/System/Library/Frameworks/ApplicationServices.framework/Versions/A/Frameworks/ATS.framework/Versions/A/Resources/libFontRegistry.dylib
0x000000000d5ef000 	/System/Library/Frameworks/ImageIO.framework/Versions/A/Resources/libJPEG.dylib
0x000000000d5ef000 	/System/Library/Frameworks/ImageIO.framework/Versions/A/Resources/libTIFF.dylib
0x000000000d5ef000 	/System/Library/Frameworks/ImageIO.framework/Versions/A/Resources/libPng.dylib
0x000000000d5ef000 	/System/Library/Frameworks/ImageIO.framework/Versions/A/Resources/libGIF.dylib
0x000000000d5ef000 	/System/Library/Frameworks/ImageIO.framework/Versions/A/Resources/libJP2.dylib
0x000000000d5ef000 	/System/Library/Frameworks/ImageIO.framework/Versions/A/Resources/libRadiance.dylib
0x000000000d5ef000 	/System/Library/PrivateFrameworks/AppleJPEG.framework/Versions/A/AppleJPEG
0x000000000d5ef000 	/System/Library/Frameworks/OpenGL.framework/Versions/A/Libraries/libGFXShared.dylib
0x000000000d5ef000 	/System/Library/Frameworks/OpenGL.framework/Versions/A/Libraries/libGLU.dylib
0x000000000d5ef000 	/System/Library/Frameworks/OpenGL.framework/Versions/A/Libraries/libGL.dylib
0x000000000d5ef000 	/System/Library/Frameworks/OpenGL.framework/Versions/A/Libraries/libGLImage.dylib
0x000000000d5ef000 	/System/Library/Frameworks/OpenGL.framework/Versions/A/Libraries/libCVMSPluginSupport.dylib
0x000000000d5ef000 	/System/Library/Frameworks/OpenGL.framework/Versions/A/Libraries/libCoreVMClient.dylib
0x000000000d5ef000 	/usr/lib/libcups.2.dylib
0x000000000d5ef000 	/System/Library/Frameworks/Kerberos.framework/Versions/A/Kerberos
0x000000000d5ef000 	/System/Library/Frameworks/GSS.framework/Versions/A/GSS
0x000000000d5ef000 	/usr/lib/libresolv.9.dylib
0x000000000d5ef000 	/usr/lib/libiconv.2.dylib
0x000000000d5ef000 	/System/Library/PrivateFrameworks/Heimdal.framework/Versions/A/Heimdal
0x000000000d5ef000 	/usr/lib/libheimdal-asn1.dylib
0x000000000d5ef000 	/System/Library/Frameworks/OpenDirectory.framework/Versions/A/OpenDirectory
0x000000000d5ef000 	/System/Library/PrivateFrameworks/CommonAuth.framework/Versions/A/CommonAuth
0x000000000d5ef000 	/System/Library/Frameworks/OpenDirectory.framework/Versions/A/Frameworks/CFOpenDirectory.framework/Versions/A/CFOpenDirectory
0x000000000d5ef000 	/System/Library/Frameworks/SecurityFoundation.framework/Versions/A/SecurityFoundation
0x000000000d5ef000 	/System/Library/PrivateFrameworks/APFS.framework/Versions/A/APFS
0x000000000d5ef000 	/usr/lib/libutil.dylib
0x000000000d5ef000 	/usr/lib/libcharset.1.dylib
0x000000000d5ef000 	/System/Library/PrivateFrameworks/AppleSauce.framework/Versions/A/AppleSauce
0x000000000d5ef000 	/System/Library/PrivateFrameworks/AssertionServices.framework/Versions/A/AssertionServices
0x000000000d5ef000 	/System/Library/PrivateFrameworks/BaseBoard.framework/Versions/A/BaseBoard
0x000000000d5ef000 	/usr/lib/libMobileGestalt.dylib
0x000000000d5ef000 	/usr/lib/libmecab.1.0.0.dylib
0x000000000d5ef000 	/usr/lib/libgermantok.dylib
0x000000000d5ef000 	/usr/lib/libThaiTokenizer.dylib
0x000000000d5ef000 	/usr/lib/libChineseTokenizer.dylib
0x000000000d5ef000 	/System/Library/PrivateFrameworks/LanguageModeling.framework/Versions/A/LanguageModeling
0x000000000d5ef000 	/System/Library/PrivateFrameworks/CoreEmoji.framework/Versions/A/CoreEmoji
0x000000000d5ef000 	/System/Library/PrivateFrameworks/Lexicon.framework/Versions/A/Lexicon
0x000000000d5ef000 	/usr/lib/libcmph.dylib
0x000000000d5ef000 	/System/Library/PrivateFrameworks/LinguisticData.framework/Versions/A/LinguisticData
0x000000000d5ef000 	/System/Library/Frameworks/ServiceManagement.framework/Versions/A/ServiceManagement
0x000000000d5ef000 	/System/Library/PrivateFrameworks/BackgroundTaskManagement.framework/Versions/A/BackgroundTaskManagement
0x000000000d5ef000 	/usr/lib/libxslt.1.dylib
0x000000000d5ef000 	/System/Library/Frameworks/Carbon.framework/Versions/A/Frameworks/Ink.framework/Versions/A/Ink
0x000000000d5ef000 	/System/Library/PrivateFrameworks/TextureIO.framework/Versions/A/TextureIO
0x000000000d5ef000 	/usr/lib/libate.dylib
0x000000000d5ef000 	/System/Library/PrivateFrameworks/CrashReporterSupport.framework/Versions/A/CrashReporterSupport
0x000000000d5ef000 	/System/Library/PrivateFrameworks/Sharing.framework/Versions/A/Sharing
0x000000000d5ef000 	/System/Library/PrivateFrameworks/Apple80211.framework/Versions/A/Apple80211
0x000000000d5ef000 	/System/Library/PrivateFrameworks/CoreUtils.framework/Versions/A/CoreUtils
0x000000000d5ef000 	/System/Library/Frameworks/CoreWLAN.framework/Versions/A/CoreWLAN
0x000000000d5ef000 	/System/Library/Frameworks/IOBluetooth.framework/Versions/A/IOBluetooth
0x000000000d5ef000 	/System/Library/PrivateFrameworks/ProtocolBuffer.framework/Versions/A/ProtocolBuffer
0x000000000d5ef000 	/System/Library/PrivateFrameworks/CoreWiFi.framework/Versions/A/CoreWiFi
0x000000000d5ef000 	/System/Library/PrivateFrameworks/MobileKeyBag.framework/Versions/A/MobileKeyBag
0x000000000d5ef000 	/System/Library/Frameworks/CoreBluetooth.framework/Versions/A/CoreBluetooth
0x000000000d5ef000 	/System/Library/PrivateFrameworks/DebugSymbols.framework/Versions/A/DebugSymbols
0x000000000d5ef000 	/System/Library/PrivateFrameworks/CoreSymbolication.framework/Versions/A/CoreSymbolication
0x000000000d5ef000 	/System/Library/PrivateFrameworks/Symbolication.framework/Versions/A/Symbolication
0x000000000d5ef000 	/System/Library/PrivateFrameworks/AppleFSCompression.framework/Versions/A/AppleFSCompression
0x000000000d5ef000 	/System/Library/PrivateFrameworks/SpeechRecognitionCore.framework/Versions/A/SpeechRecognitionCore
0x000000010f800000 	/Library/Java/JavaVirtualMachines/jdk1.8.0_131.jdk/Contents/Home/jre/lib/server/libjvm.dylib
0x000000000d5ef000 	/usr/lib/libstdc++.6.dylib
0x000000010e6f6000 	/Library/Java/JavaVirtualMachines/jdk1.8.0_131.jdk/Contents/Home/jre/lib/libverify.dylib
0x000000010e704000 	/Library/Java/JavaVirtualMachines/jdk1.8.0_131.jdk/Contents/Home/jre/lib/libjava.dylib
0x000000010e783000 	/Library/Java/JavaVirtualMachines/jdk1.8.0_131.jdk/Contents/Home/jre/lib/libzip.dylib
0x000000000d5ef000 	/System/Library/Frameworks/JavaVM.framework/Versions/A/Frameworks/JavaRuntimeSupport.framework/Versions/A/JavaRuntimeSupport
0x000000000d5ef000 	/System/Library/Frameworks/JavaVM.framework/Versions/A/Frameworks/JavaNativeFoundation.framework/Versions/A/JavaNativeFoundation
0x000000000d5ef000 	/System/Library/Frameworks/JavaVM.framework/Versions/A/JavaVM
0x000000000d5ef000 	/System/Library/Frameworks/Carbon.framework/Versions/A/Carbon
0x000000000d5ef000 	/System/Library/PrivateFrameworks/JavaLaunching.framework/Versions/A/JavaLaunching
0x000000000d5ef000 	/System/Library/Frameworks/Carbon.framework/Versions/A/Frameworks/CommonPanels.framework/Versions/A/CommonPanels
0x000000000d5ef000 	/System/Library/Frameworks/Carbon.framework/Versions/A/Frameworks/Help.framework/Versions/A/Help
0x000000000d5ef000 	/System/Library/Frameworks/Carbon.framework/Versions/A/Frameworks/ImageCapture.framework/Versions/A/ImageCapture
0x000000000d5ef000 	/System/Library/Frameworks/Carbon.framework/Versions/A/Frameworks/OpenScripting.framework/Versions/A/OpenScripting
0x000000000d5ef000 	/System/Library/Frameworks/Carbon.framework/Versions/A/Frameworks/Print.framework/Versions/A/Print
0x000000000d5ef000 	/System/Library/Frameworks/Carbon.framework/Versions/A/Frameworks/SecurityHI.framework/Versions/A/SecurityHI
0x00000001177b2000 	/Library/Java/JavaVirtualMachines/jdk1.8.0_131.jdk/Contents/Home/jre/lib/libnio.dylib
0x00000001177c2000 	/Library/Java/JavaVirtualMachines/jdk1.8.0_131.jdk/Contents/Home/jre/lib/./libnet.dylib
0x00000001178f8000 	/private/var/folders/96/v4wmm1hs2z74zmxjz95_n4x40000gn/T/jogamp_0000/file_cache/jln5387666224699911970/jln8164205093857622529/natives/macosx-universal/libgluegen-rt.jnilib
0x00000001179d9000 	/Library/Java/JavaVirtualMachines/jdk1.8.0_131.jdk/Contents/Home/jre/lib/libawt.dylib
0x0000000117a81000 	/Library/Java/JavaVirtualMachines/jdk1.8.0_131.jdk/Contents/Home/jre/lib/./libmlib_image.dylib
0x0000000117b4d000 	/Library/Java/JavaVirtualMachines/jdk1.8.0_131.jdk/Contents/Home/jre/lib/libawt_lwawt.dylib
0x0000000117c04000 	/Library/Java/JavaVirtualMachines/jdk1.8.0_131.jdk/Contents/Home/jre/lib/./libosxapp.dylib
0x000000000d5ef000 	/System/Library/Frameworks/ExceptionHandling.framework/Versions/A/ExceptionHandling
0x000000000d5ef000 	/System/Library/PrivateFrameworks/CoreServicesInternal.framework/Versions/A/CoreServicesInternal
0x000000000d5ef000 	/System/Library/CoreServices/RawCamera.bundle/Contents/MacOS/RawCamera
0x000000000d5ef000 	/System/Library/PrivateFrameworks/MobileAsset.framework/Versions/A/MobileAsset
0x000000000d5ef000 	/System/Library/PrivateFrameworks/StreamingZip.framework/Versions/A/StreamingZip
0x000000000d5ef000 	/System/Library/Frameworks/MediaToolbox.framework/Versions/A/MediaToolbox
0x000000000d5ef000 	/System/Library/PrivateFrameworks/CoreAVCHD.framework/Versions/A/CoreAVCHD
0x000000000d5ef000 	/System/Library/Frameworks/MediaAccessibility.framework/Versions/A/MediaAccessibility
0x000000000d5ef000 	/System/Library/PrivateFrameworks/Mangrove.framework/Versions/A/Mangrove
0x000000000d5ef000 	/System/Library/Frameworks/CoreMedia.framework/Versions/A/CoreMedia
0x000000000d5ef000 	/System/Library/Frameworks/VideoToolbox.framework/Versions/A/VideoToolbox
0x000000000d5ef000 	/System/Library/PrivateFrameworks/CoreAUC.framework/Versions/A/CoreAUC
0x000000000d5ef000 	/usr/lib/libspindump.dylib
0x000000000d5ef000 	/System/Library/PrivateFrameworks/AppleVA.framework/Versions/A/AppleVA
0x000000000d5ef000 	/System/Library/Frameworks/Accelerate.framework/Versions/A/Frameworks/vImage.framework/Versions/A/Libraries/libCGInterfaces.dylib
0x000000000d5ef000 	/System/Library/PrivateFrameworks/SidecarCore.framework/Versions/A/SidecarCore
0x000000000d5ef000 	/System/Library/Frameworks/ApplicationServices.framework/Versions/A/Frameworks/ATS.framework/Versions/A/Resources/libTrueTypeScaler.dylib
0x000000000d5ef000 	/System/Library/Extensions/AppleIntelSKLGraphicsMTLDriver.bundle/Contents/MacOS/AppleIntelSKLGraphicsMTLDriver
0x000000000d5ef000 	/System/Library/PrivateFrameworks/GPUCompiler.framework/Versions/3902/Libraries/libmetal_timestamp.dylib
0x000000000d5ef000 	/System/Library/PrivateFrameworks/FamilyControls.framework/Versions/A/FamilyControls
0x000000000d5ef000 	/System/Library/PrivateFrameworks/CommerceKit.framework/Versions/A/Frameworks/CommerceCore.framework/Versions/A/CommerceCore
0x000000000d5ef000 	/System/Library/PrivateFrameworks/SystemAdministration.framework/Versions/A/SystemAdministration
0x000000000d5ef000 	/System/Library/PrivateFrameworks/AppContainer.framework/Versions/A/AppContainer
0x000000000d5ef000 	/System/Library/PrivateFrameworks/AppSandbox.framework/Versions/A/AppSandbox
0x000000000d5ef000 	/System/Library/PrivateFrameworks/SecCodeWrapper.framework/Versions/A/SecCodeWrapper
0x000000000d5ef000 	/usr/lib/libsandbox.1.dylib
0x000000000d5ef000 	/usr/lib/libMatch.1.dylib
0x000000000d5ef000 	/System/Library/PrivateFrameworks/DiskManagement.framework/Versions/A/DiskManagement
0x000000000d5ef000 	/System/Library/Frameworks/DirectoryService.framework/Versions/A/DirectoryService
0x000000000d5ef000 	/System/Library/PrivateFrameworks/DiskImages.framework/Versions/A/DiskImages
0x000000000d5ef000 	/System/Library/PrivateFrameworks/LoginUIKit.framework/Versions/A/Frameworks/LoginUICore.framework/Versions/A/LoginUICore
0x000000000d5ef000 	/usr/lib/libCoreStorage.dylib
0x000000000d5ef000 	/usr/lib/libcsfde.dylib
0x000000000d5ef000 	/usr/lib/libodfde.dylib
0x000000000d5ef000 	/System/Library/PrivateFrameworks/MediaKit.framework/Versions/A/MediaKit
0x000000000d5ef000 	/System/Library/Frameworks/DiscRecording.framework/Versions/A/DiscRecording
0x000000000d5ef000 	/System/Library/PrivateFrameworks/EFILogin.framework/Versions/A/EFILogin
0x000000000d5ef000 	/System/Library/PrivateFrameworks/ProtectedCloudStorage.framework/Versions/A/ProtectedCloudStorage
0x000000000d5ef000 	/usr/lib/libcurl.4.dylib
0x000000000d5ef000 	/usr/lib/libcrypto.42.dylib
0x000000000d5ef000 	/usr/lib/libssl.44.dylib
0x000000000d5ef000 	/System/Library/Frameworks/LDAP.framework/Versions/A/LDAP
0x000000000d5ef000 	/System/Library/PrivateFrameworks/TrustEvaluationAgent.framework/Versions/A/TrustEvaluationAgent
0x000000000d5ef000 	/usr/lib/libsasl2.2.dylib
0x000000000d5ef000 	/System/Library/PrivateFrameworks/CoreDaemon.framework/Versions/B/CoreDaemon
0x000000000d5ef000 	/System/Library/PrivateFrameworks/AppleSRP.framework/Versions/A/AppleSRP
0x000000011a2a2000 	/Library/Java/JavaVirtualMachines/jdk1.8.0_131.jdk/Contents/Home/jre/lib/libfontmanager.dylib
0x0000000118ec5000 	/private/var/folders/96/v4wmm1hs2z74zmxjz95_n4x40000gn/T/jogamp_0000/file_cache/jln5387666224699911970/jln8164205093857622529/natives/macosx-universal/libnativewindow_awt.jnilib
0x0000000118ec8000 	/Library/Java/JavaVirtualMachines/jdk1.8.0_131.jdk/Contents/Home/jre/lib/libjawt.dylib
0x000000000d5ef000 	/System/Library/Frameworks/OpenGL.framework/Versions/A/Resources/GLEngine.bundle/GLEngine
0x000000000d5ef000 	/System/Library/Frameworks/OpenGL.framework/Versions/A/Libraries/libGLProgrammability.dylib
0x0000000139d66000 	/System/Library/Extensions/AppleIntelSKLGraphicsGLDriver.bundle/Contents/MacOS/AppleIntelSKLGraphicsGLDriver
0x000000000d5ef000 	/System/Library/PrivateFrameworks/GPUSupport.framework/Versions/A/Libraries/libGPUSupportMercury.dylib
0x000000000d5ef000 	/System/Library/Frameworks/OpenGL.framework/Versions/A/Resources/GLRendererFloat.bundle/GLRendererFloat
0x000000000d5ef000 	/System/Library/Frameworks/OpenCL.framework/Versions/A/Libraries/libcldcpuengine.dylib
0x000000011ac52000 	/private/var/folders/96/v4wmm1hs2z74zmxjz95_n4x40000gn/T/jogamp_0000/file_cache/jln5387666224699911970/jln8164205093857622529/natives/macosx-universal/libnativewindow_macosx.jnilib
0x000000000d5ef000 	/System/Library/PrivateFrameworks/ViewBridge.framework/Versions/A/ViewBridge
0x000000013b3d3000 	/private/var/folders/96/v4wmm1hs2z74zmxjz95_n4x40000gn/T/jogamp_0000/file_cache/jln5387666224699911970/jln8164205093857622529/natives/macosx-universal/libjogl_desktop.jnilib
0x000000013b4a7000 	/private/var/folders/96/v4wmm1hs2z74zmxjz95_n4x40000gn/T/jogamp_0000/file_cache/jln5387666224699911970/jln8164205093857622529/natives/macosx-universal/libjogl_mobile.jnilib
0x000000011ac5d000 	/private/var/folders/96/v4wmm1hs2z74zmxjz95_n4x40000gn/T/jogamp_0000/file_cache/jln5387666224699911970/jln8164205093857622529/natives/macosx-universal/libnewt.jnilib

VM Arguments:
jvm_args: -ea -Dfile.encoding=UTF-8 
java_command: org.azentreprise.arionide.Main
java_class_path (initial): /Library/Java/JavaVirtualMachines/jdk1.8.0_131.jdk/Contents/Home/jre/lib/resources.jar:/Library/Java/JavaVirtualMachines/jdk1.8.0_131.jdk/Contents/Home/jre/lib/rt.jar:/Library/Java/JavaVirtualMachines/jdk1.8.0_131.jdk/Contents/Home/jre/lib/jsse.jar:/Library/Java/JavaVirtualMachines/jdk1.8.0_131.jdk/Contents/Home/jre/lib/jce.jar:/Library/Java/JavaVirtualMachines/jdk1.8.0_131.jdk/Contents/Home/jre/lib/charsets.jar:/Library/Java/JavaVirtualMachines/jdk1.8.0_131.jdk/Contents/Home/jre/lib/jfr.jar:/Library/Java/JavaVirtualMachines/jdk1.8.0_131.jdk/Contents/Home/jre/lib/ext/sunec.jar:/Library/Java/JavaVirtualMachines/jdk1.8.0_131.jdk/Contents/Home/jre/lib/ext/nashorn.jar:/Library/Java/JavaVirtualMachines/jdk1.8.0_131.jdk/Contents/Home/jre/lib/ext/cldrdata.jar:/Library/Java/JavaVirtualMachines/jdk1.8.0_131.jdk/Contents/Home/jre/lib/ext/jfxrt.jar:/Library/Java/JavaVirtualMachines/jdk1.8.0_131.jdk/Contents/Home/jre/lib/ext/dnsns.jar:/Library/Java/JavaVirtualMachines/jdk1.8.0_131.jdk/Contents/Home/jre/lib/ext/localedata.jar:/Library/Java/JavaVirtualMachines/jdk1.8.0_131.jdk/Contents/Home/jre/lib/ext/sunjce_provider.jar:/Library/Java/JavaVirtualMachines/jdk1.8.0_131.jdk/Contents/Home/jre/lib/ext/sunpkcs11.jar:/Library/Java/JavaVirtualMachines/jdk1.8.0_131.jdk/Contents/Home/jre/lib/ext/jaccess.jar:/Library/Java/JavaVirtualMachines/jdk1.8.0_131.jdk/Contents/Home/jre/lib/ext/zipfs.jar:/System/Library/Java/Extensions/MRJToolkit.jar:/Users/arion/git/Arionide/bin:/Users/arion/git/Arionide/lib/gluegen-rt-natives-linux-amd64.jar:/Users/arion/git/Arionide/lib/gluegen-rt-natives-linux-armv6.jar:/Users/arion/git/Arionide/lib/gluegen-rt-natives-linux-armv6hf.jar:/Users/arion/git/Arionide/lib/gluegen-rt-natives-linux-i586.jar:/Users/arion/git/Arionide/lib/gluegen-rt-natives-macosx-universal.jar:/Users/arion/git/Arionide/lib/gluegen-rt-natives-solaris-amd64.jar:/Users/arion/git/Arionide/lib/gluegen-rt-natives-solaris-i586.jar:/Users/arion/git/Arionide/lib/gluegen
Launcher Type: SUN_STANDARD

Environment Variables:
PATH=/usr/bin:/bin:/usr/sbin:/sbin
SHELL=/bin/bash

Signal Handlers:
SIGSEGV: [libjvm.dylib+0x5b1eb1], sa_mask[0]=11111111011111110111111111111111, sa_flags=SA_ONSTACK|SA_RESTART|SA_SIGINFO
SIGBUS: [libjvm.dylib+0x5b1eb1], sa_mask[0]=11111111011111110111111111111111, sa_flags=SA_RESTART|SA_SIGINFO
SIGFPE: [libjvm.dylib+0x488988], sa_mask[0]=11111111011111110111111111111111, sa_flags=SA_RESTART|SA_SIGINFO
SIGPIPE: [libjvm.dylib+0x488988], sa_mask[0]=11111111011111110111111111111111, sa_flags=SA_RESTART|SA_SIGINFO
SIGXFSZ: [libjvm.dylib+0x488988], sa_mask[0]=11111111011111110111111111111111, sa_flags=SA_RESTART|SA_SIGINFO
SIGILL: [libjvm.dylib+0x488988], sa_mask[0]=11111111011111110111111111111111, sa_flags=SA_RESTART|SA_SIGINFO
SIGUSR1: SIG_DFL, sa_mask[0]=00000000000000000000000000000000, sa_flags=none
SIGUSR2: [libjvm.dylib+0x4884a6], sa_mask[0]=00100000000000000000000000000000, sa_flags=SA_RESTART|SA_SIGINFO
SIGHUP: [libjvm.dylib+0x486a7d], sa_mask[0]=11111111011111110111111111111111, sa_flags=SA_RESTART|SA_SIGINFO
SIGINT: [libjvm.dylib+0x486a7d], sa_mask[0]=11111111011111110111111111111111, sa_flags=SA_RESTART|SA_SIGINFO
SIGTERM: [libjvm.dylib+0x486a7d], sa_mask[0]=11111111011111110111111111111111, sa_flags=SA_RESTART|SA_SIGINFO
SIGQUIT: [libjvm.dylib+0x486a7d], sa_mask[0]=11111111011111110111111111111111, sa_flags=SA_RESTART|SA_SIGINFO


---------------  S Y S T E M  ---------------

OS:Bsduname:Darwin 18.0.0 Darwin Kernel Version 18.0.0: Fri May 25 16:54:22 PDT 2018; root:xnu-4903.200.199.11.1~1/RELEASE_X86_64 x86_64
rlimit: STACK 8192k, CORE 0k, NPROC 2837, NOFILE 10240, AS infinity
load average:1.94 1.66 1.33

CPU:total 8 (initial active 8) (4 cores per cpu, 2 threads per core) family 6 model 94 stepping 3, cmov, cx8, fxsr, mmx, sse, sse2, sse3, ssse3, sse4.1, sse4.2, popcnt, avx, avx2, aes, clmul, erms, rtm, 3dnowpref, lzcnt, ht, tsc, tscinvbit, bmi1, bmi2, adx

Memory: 4k page, physical 33554432k(2844632k free)

/proc/meminfo:


vm_info: Java HotSpot(TM) 64-Bit Server VM (25.131-b11) for bsd-amd64 JRE (1.8.0_131-b11), built on Mar 15 2017 01:32:22 by "java_re" with gcc 4.2.1 (Based on Apple Inc. build 5658) (LLVM build 2336.11.00)

time: Thu Aug 23 12:52:12 2018
elapsed time: 3 seconds (0d 0h 0m 3s)

